[1;32mDEBUG [0m]: Parsed 8 apps from socket
[1;31mERR [0mfrom hyprtoolkit ]: CSystemIconFactory: index.theme has no Directories?
[1;32mDEBUG [0mfrom hyprtoolkit ]: Starting the Wayland platform
[1;32mDEBUG [0mfrom hyprtoolkit ]: Connected to a wayland compositor: Hyprland
[1;32mDEBUG [0mfrom hyprtoolkit ]: Got registry at 0x55f504fca440
[1;32mDEBUG [0mfrom hyprtoolkit ]: zwp_linux_dmabuf_v1: Got format AB4H with modifier LINEAR
[1;32mDEBUG [0mfrom hyprtoolkit ]: zwp_linux_dmabuf_v1: Got format AB4H with modifier X_TILED
[1;32mDEBUG [0mfrom hyprtoolkit ]: zwp_linux_dmabuf_v1: Got format AB4H with modifier Y_TILED
[1;32mDEBUG [0mfrom hyprtoolkit ]: zwp_linux_dmabuf_v1: Got format AB4H with modifier Y_TILED_GEN12_RC_CCS
[1;32mDEBUG [0mfrom hyprtoolkit ]: zwp_linux_dmabuf_v1: Got format AB4H with modifier Y_TILED_GEN12_RC_CCS_CC
[1;32mDEBUG [0mfrom hyprtoolkit ]: zwp_linux_dmabuf_v1: Got format AB4H with modifier INVALID
[1;32mDEBUG [0mfrom hyprtoolkit ]: zwp_linux_dmabuf_v1: Got format XB4H with modifier LINEAR
[1;32mDEBUG [0mfrom hyprtoolkit ]: zwp_linux_dmabuf_v1: Got format XB4H with modifier X_TILED
[1;32mDEBUG [0mfrom hyprtoolkit ]: zwp_linux_dmabuf_v1: Got format XB4H with modifier Y_TILED
[1;32mDEBUG [0mfrom hyprtoolkit ]: zwp_linux_dmabuf_v1: Got format XB4H with modifier Y_TILED_GEN12_RC_CCS
[1;32mDEBUG [0mfrom hyprtoolkit ]: zwp_linux_dmabuf_v1: Got format XB4H with modifier Y_TILED_GEN12_RC_CCS_CC
[1;32mDEBUG [0mfrom hyprtoolkit ]: zwp_linux_dmabuf_v1: Got format XB4H with modifier INVALID
[1;32mDEBUG [0mfrom hyprtoolkit ]: zwp_linux_dmabuf_v1: Got format AB48 with modifier LINEAR
[1;32mDEBUG [0mfrom hyprtoolkit ]: zwp_linux_dmabuf_v1: Got format AB48 with modifier X_TILED
[1;32mDEBUG [0mfrom hyprtoolkit ]: zwp_linux_dmabuf_v1: Got format AB48 with modifier Y_TILED
[1;32mDEBUG [0mfrom hyprtoolkit ]: zwp_linux_dmabuf_v1: Got format AB48 with modifier Y_TILED_GEN12_RC_CCS
[1;32mDEBUG [0mfrom hyprtoolkit ]: zwp_linux_dmabuf_v1: Got format AB48 with modifier Y_TILED_GEN12_RC_CCS_CC
[1;32mDEBUG [0mfrom hyprtoolkit ]: zwp_linux_dmabuf_v1: Got format AB48 with modifier INVALID
[1;32mDEBUG [0mfrom hyprtoolkit ]: zwp_linux_dmabuf_v1: Got format XB48 with modifier LINEAR
[1;32mDEBUG [0mfrom hyprtoolkit ]: zwp_linux_dmabuf_v1: Got format XB48 with modifier X_TILED
[1;32mDEBUG [0mfrom hyprtoolkit ]: zwp_linux_dmabuf_v1: Got format XB48 with modifier Y_TILED
[1;32mDEBUG [0mfrom hyprtoolkit ]: zwp_linux_dmabuf_v1: Got format XB48 with modifier Y_TILED_GEN12_RC_CCS
[1;32mDEBUG [0mfrom hyprtoolkit ]: zwp_linux_dmabuf_v1: Got format XB48 with modifier Y_TILED_GEN12_RC_CCS_CC
[1;32mDEBUG [0mfrom hyprtoolkit ]: zwp_linux_dmabuf_v1: Got format XB48 with modifier INVALID
[1;32mDEBUG [0mfrom hyprtoolkit ]: zwp_linux_dmabuf_v1: Got format AR30 with modifier LINEAR
[1;32mDEBUG [0mfrom hyprtoolkit ]: zwp_linux_dmabuf_v1: Got format AR30 with modifier X_TILED
[1;32mDEBUG [0mfrom hyprtoolkit ]: zwp_linux_dmabuf_v1: Got format AR30 with modifier Y_TILED
[1;32mDEBUG [0mfrom hyprtoolkit ]: zwp_linux_dmabuf_v1: Got format AR30 with modifier Y_TILED_GEN12_RC_CCS
[1;32mDEBUG [0mfrom hyprtoolkit ]: zwp_linux_dmabuf_v1: Got format AR30 with modifier Y_TILED_GEN12_RC_CCS_CC
[1;32mDEBUG [0mfrom hyprtoolkit ]: zwp_linux_dmabuf_v1: Got format AR30 with modifier INVALID
[1;32mDEBUG [0mfrom hyprtoolkit ]: zwp_linux_dmabuf_v1: Got format XR30 with modifier LINEAR
[1;32mDEBUG [0mfrom hyprtoolkit ]: zwp_linux_dmabuf_v1: Got format XR30 with modifier X_TILED
[1;32mDEBUG [0mfrom hyprtoolkit ]: zwp_linux_dmabuf_v1: Got format XR30 with modifier Y_TILED
[1;32mDEBUG [0mfrom hyprtoolkit ]: zwp_linux_dmabuf_v1: Got format XR30 with modifier Y_TILED_GEN12_RC_CCS
[1;32mDEBUG [0mfrom hyprtoolkit ]: zwp_linux_dmabuf_v1: Got format XR30 with modifier Y_TILED_GEN12_RC_CCS_CC
[1;32mDEBUG [0mfrom hyprtoolkit ]: zwp_linux_dmabuf_v1: Got format XR30 with modifier INVALID
[1;32mDEBUG [0mfrom hyprtoolkit ]: zwp_linux_dmabuf_v1: Got format AB30 with modifier LINEAR
[1;32mDEBUG [0mfrom hyprtoolkit ]: zwp_linux_dmabuf_v1: Got format AB30 with modifier X_TILED
[1;32mDEBUG [0mfrom hyprtoolkit ]: zwp_linux_dmabuf_v1: Got format AB30 with modifier Y_TILED
[1;32mDEBUG [0mfrom hyprtoolkit ]: zwp_linux_dmabuf_v1: Got format AB30 with modifier Y_TILED_GEN12_RC_CCS
[1;32mDEBUG [0mfrom hyprtoolkit ]: zwp_linux_dmabuf_v1: Got format AB30 with modifier Y_TILED_GEN12_RC_CCS_CC
[1;32mDEBUG [0mfrom hyprtoolkit ]: zwp_linux_dmabuf_v1: Got format AB30 with modifier INVALID
[1;32mDEBUG [0mfrom hyprtoolkit ]: zwp_linux_dmabuf_v1: Got format XB30 with modifier LINEAR
[1;32mDEBUG [0mfrom hyprtoolkit ]: zwp_linux_dmabuf_v1: Got format XB30 with modifier X_TILED
[1;32mDEBUG [0mfrom hyprtoolkit ]: zwp_linux_dmabuf_v1: Got format XB30 with modifier Y_TILED
[1;32mDEBUG [0mfrom hyprtoolkit ]: zwp_linux_dmabuf_v1: Got format XB30 with modifier Y_TILED_GEN12_RC_CCS
[1;32mDEBUG [0mfrom hyprtoolkit ]: zwp_linux_dmabuf_v1: Got format XB30 with modifier Y_TILED_GEN12_RC_CCS_CC
[1;32mDEBUG [0mfrom hyprtoolkit ]: zwp_linux_dmabuf_v1: Got format XB30 with modifier INVALID
[1;32mDEBUG [0mfrom hyprtoolkit ]: zwp_linux_dmabuf_v1: Got format AR24 with modifier LINEAR
[1;32mDEBUG [0mfrom hyprtoolkit ]: zwp_linux_dmabuf_v1: Got format AR24 with modifier X_TILED
[1;32mDEBUG [0mfrom hyprtoolkit ]: zwp_linux_dmabuf_v1: Got format AR24 with modifier Y_TILED
[1;32mDEBUG [0mfrom hyprtoolkit ]: zwp_linux_dmabuf_v1: Got format AR24 with modifier Y_TILED_GEN12_RC_CCS
[1;32mDEBUG [0mfrom hyprtoolkit ]: zwp_linux_dmabuf_v1: Got format AR24 with modifier Y_TILED_GEN12_RC_CCS_CC
[1;32mDEBUG [0mfrom hyprtoolkit ]: zwp_linux_dmabuf_v1: Got format AR24 with modifier INVALID
[1;32mDEBUG [0mfrom hyprtoolkit ]: zwp_linux_dmabuf_v1: Got format AB24 with modifier LINEAR
[1;32mDEBUG [0mfrom hyprtoolkit ]: zwp_linux_dmabuf_v1: Got format AB24 with modifier X_TILED
[1;32mDEBUG [0mfrom hyprtoolkit ]: zwp_linux_dmabuf_v1: Got format AB24 with modifier Y_TILED
[1;32mDEBUG [0mfrom hyprtoolkit ]: zwp_linux_dmabuf_v1: Got format AB24 with modifier Y_TILED_GEN12_RC_CCS
[1;32mDEBUG [0mfrom hyprtoolkit ]: zwp_linux_dmabuf_v1: Got format AB24 with modifier Y_TILED_GEN12_RC_CCS_CC
[1;32mDEBUG [0mfrom hyprtoolkit ]: zwp_linux_dmabuf_v1: Got format AB24 with modifier INVALID
[1;32mDEBUG [0mfrom hyprtoolkit ]: zwp_linux_dmabuf_v1: Got format XR24 with modifier LINEAR
[1;32mDEBUG [0mfrom hyprtoolkit ]: zwp_linux_dmabuf_v1: Got format XR24 with modifier X_TILED
[1;32mDEBUG [0mfrom hyprtoolkit ]: zwp_linux_dmabuf_v1: Got format XR24 with modifier Y_TILED
[1;32mDEBUG [0mfrom hyprtoolkit ]: zwp_linux_dmabuf_v1: Got format XR24 with modifier Y_TILED_GEN12_RC_CCS
[1;32mDEBUG [0mfrom hyprtoolkit ]: zwp_linux_dmabuf_v1: Got format XR24 with modifier Y_TILED_GEN12_RC_CCS_CC
[1;32mDEBUG [0mfrom hyprtoolkit ]: zwp_linux_dmabuf_v1: Got format XR24 with modifier INVALID
[1;32mDEBUG [0mfrom hyprtoolkit ]: zwp_linux_dmabuf_v1: Got format XB24 with modifier LINEAR
[1;32mDEBUG [0mfrom hyprtoolkit ]: zwp_linux_dmabuf_v1: Got format XB24 with modifier X_TILED
[1;32mDEBUG [0mfrom hyprtoolkit ]: zwp_linux_dmabuf_v1: Got format XB24 with modifier Y_TILED
[1;32mDEBUG [0mfrom hyprtoolkit ]: zwp_linux_dmabuf_v1: Got format XB24 with modifier Y_TILED_GEN12_RC_CCS
[1;32mDEBUG [0mfrom hyprtoolkit ]: zwp_linux_dmabuf_v1: Got format XB24 with modifier Y_TILED_GEN12_RC_CCS_CC
[1;32mDEBUG [0mfrom hyprtoolkit ]: zwp_linux_dmabuf_v1: Got format XB24 with modifier INVALID
[1;32mDEBUG [0mfrom hyprtoolkit ]: zwp_linux_dmabuf_v1: Got format AR15 with modifier LINEAR
[1;32mDEBUG [0mfrom hyprtoolkit ]: zwp_linux_dmabuf_v1: Got format AR15 with modifier X_TILED
[1;32mDEBUG [0mfrom hyprtoolkit ]: zwp_linux_dmabuf_v1: Got format AR15 with modifier Y_TILED
[1;32mDEBUG [0mfrom hyprtoolkit ]: zwp_linux_dmabuf_v1: Got format AR15 with modifier Y_TILED_GEN12_RC_CCS
[1;32mDEBUG [0mfrom hyprtoolkit ]: zwp_linux_dmabuf_v1: Got format AR15 with modifier Y_TILED_GEN12_RC_CCS_CC
[1;32mDEBUG [0mfrom hyprtoolkit ]: zwp_linux_dmabuf_v1: Got format AR15 with modifier INVALID
[1;32mDEBUG [0mfrom hyprtoolkit ]: zwp_linux_dmabuf_v1: Got format AR12 with modifier LINEAR
[1;32mDEBUG [0mfrom hyprtoolkit ]: zwp_linux_dmabuf_v1: Got format AR12 with modifier X_TILED
[1;32mDEBUG [0mfrom hyprtoolkit ]: zwp_linux_dmabuf_v1: Got format AR12 with modifier Y_TILED
[1;32mDEBUG [0mfrom hyprtoolkit ]: zwp_linux_dmabuf_v1: Got format AR12 with modifier Y_TILED_GEN12_RC_CCS
[1;32mDEBUG [0mfrom hyprtoolkit ]: zwp_linux_dmabuf_v1: Got format AR12 with modifier Y_TILED_GEN12_RC_CCS_CC
[1;32mDEBUG [0mfrom hyprtoolkit ]: zwp_linux_dmabuf_v1: Got format AR12 with modifier INVALID
[1;32mDEBUG [0mfrom hyprtoolkit ]: zwp_linux_dmabuf_v1: Got format RG16 with modifier LINEAR
[1;32mDEBUG [0mfrom hyprtoolkit ]: zwp_linux_dmabuf_v1: Got format RG16 with modifier X_TILED
[1;32mDEBUG [0mfrom hyprtoolkit ]: zwp_linux_dmabuf_v1: Got format RG16 with modifier Y_TILED
[1;32mDEBUG [0mfrom hyprtoolkit ]: zwp_linux_dmabuf_v1: Got format RG16 with modifier Y_TILED_GEN12_RC_CCS
[1;32mDEBUG [0mfrom hyprtoolkit ]: zwp_linux_dmabuf_v1: Got format RG16 with modifier Y_TILED_GEN12_RC_CCS_CC
[1;32mDEBUG [0mfrom hyprtoolkit ]: zwp_linux_dmabuf_v1: Got format RG16 with modifier INVALID
[1;32mDEBUG [0mfrom hyprtoolkit ]: zwp_linux_dmabuf_v1: Got format R8 with modifier LINEAR
[1;32mDEBUG [0mfrom hyprtoolkit ]: zwp_linux_dmabuf_v1: Got format R8 with modifier X_TILED
[1;32mDEBUG [0mfrom hyprtoolkit ]: zwp_linux_dmabuf_v1: Got format R8 with modifier Y_TILED
[1;32mDEBUG [0mfrom hyprtoolkit ]: zwp_linux_dmabuf_v1: Got format R8 with modifier Y_TILED_GEN12_RC_CCS
[1;32mDEBUG [0mfrom hyprtoolkit ]: zwp_linux_dmabuf_v1: Got format R8 with modifier Y_TILED_GEN12_RC_CCS_CC
[1;32mDEBUG [0mfrom hyprtoolkit ]: zwp_linux_dmabuf_v1: Got format R8 with modifier INVALID
[1;32mDEBUG [0mfrom hyprtoolkit ]: zwp_linux_dmabuf_v1: Got format R16 with modifier LINEAR
[1;32mDEBUG [0mfrom hyprtoolkit ]: zwp_linux_dmabuf_v1: Got format R16 with modifier X_TILED
[1;32mDEBUG [0mfrom hyprtoolkit ]: zwp_linux_dmabuf_v1: Got format R16 with modifier Y_TILED
[1;32mDEBUG [0mfrom hyprtoolkit ]: zwp_linux_dmabuf_v1: Got format R16 with modifier Y_TILED_GEN12_RC_CCS
[1;32mDEBUG [0mfrom hyprtoolkit ]: zwp_linux_dmabuf_v1: Got format R16 with modifier Y_TILED_GEN12_RC_CCS_CC
[1;32mDEBUG [0mfrom hyprtoolkit ]: zwp_linux_dmabuf_v1: Got format R16 with modifier INVALID
[1;32mDEBUG [0mfrom hyprtoolkit ]: zwp_linux_dmabuf_v1: Got format GR88 with modifier LINEAR
[1;32mDEBUG [0mfrom hyprtoolkit ]: zwp_linux_dmabuf_v1: Got format GR88 with modifier X_TILED
[1;32mDEBUG [0mfrom hyprtoolkit ]: zwp_linux_dmabuf_v1: Got format GR88 with modifier Y_TILED
[1;32mDEBUG [0mfrom hyprtoolkit ]: zwp_linux_dmabuf_v1: Got format GR88 with modifier Y_TILED_GEN12_RC_CCS
[1;32mDEBUG [0mfrom hyprtoolkit ]: zwp_linux_dmabuf_v1: Got format GR88 with modifier Y_TILED_GEN12_RC_CCS_CC
[1;32mDEBUG [0mfrom hyprtoolkit ]: zwp_linux_dmabuf_v1: Got format GR88 with modifier INVALID
[1;32mDEBUG [0mfrom hyprtoolkit ]: zwp_linux_dmabuf_v1: Got format GR32 with modifier LINEAR
[1;32mDEBUG [0mfrom hyprtoolkit ]: zwp_linux_dmabuf_v1: Got format GR32 with modifier X_TILED
[1;32mDEBUG [0mfrom hyprtoolkit ]: zwp_linux_dmabuf_v1: Got format GR32 with modifier Y_TILED
[1;32mDEBUG [0mfrom hyprtoolkit ]: zwp_linux_dmabuf_v1: Got format GR32 with modifier Y_TILED_GEN12_RC_CCS
[1;32mDEBUG [0mfrom hyprtoolkit ]: zwp_linux_dmabuf_v1: Got format GR32 with modifier Y_TILED_GEN12_RC_CCS_CC
[1;32mDEBUG [0mfrom hyprtoolkit ]: zwp_linux_dmabuf_v1: Got format GR32 with modifier INVALID
[1;32mDEBUG [0mfrom hyprtoolkit ]: zwp_linux_dmabuf_v1: Got format R  H with modifier LINEAR
[1;32mDEBUG [0mfrom hyprtoolkit ]: zwp_linux_dmabuf_v1: Got format R  H with modifier X_TILED
[1;32mDEBUG [0mfrom hyprtoolkit ]: zwp_linux_dmabuf_v1: Got format R  H with modifier Y_TILED
[1;32mDEBUG [0mfrom hyprtoolkit ]: zwp_linux_dmabuf_v1: Got format R  H with modifier Y_TILED_GEN12_RC_CCS
[1;32mDEBUG [0mfrom hyprtoolkit ]: zwp_linux_dmabuf_v1: Got format R  H with modifier Y_TILED_GEN12_RC_CCS_CC
[1;32mDEBUG [0mfrom hyprtoolkit ]: zwp_linux_dmabuf_v1: Got format R  H with modifier INVALID
[1;32mDEBUG [0mfrom hyprtoolkit ]: zwp_linux_dmabuf_v1: Got format R  F with modifier LINEAR
[1;32mDEBUG [0mfrom hyprtoolkit ]: zwp_linux_dmabuf_v1: Got format R  F with modifier X_TILED
[1;32mDEBUG [0mfrom hyprtoolkit ]: zwp_linux_dmabuf_v1: Got format R  F with modifier Y_TILED
[1;32mDEBUG [0mfrom hyprtoolkit ]: zwp_linux_dmabuf_v1: Got format R  F with modifier Y_TILED_GEN12_RC_CCS
[1;32mDEBUG [0mfrom hyprtoolkit ]: zwp_linux_dmabuf_v1: Got format R  F with modifier Y_TILED_GEN12_RC_CCS_CC
[1;32mDEBUG [0mfrom hyprtoolkit ]: zwp_linux_dmabuf_v1: Got format R  F with modifier INVALID
[1;32mDEBUG [0mfrom hyprtoolkit ]: zwp_linux_dmabuf_v1: Got format GR H with modifier LINEAR
[1;32mDEBUG [0mfrom hyprtoolkit ]: zwp_linux_dmabuf_v1: Got format GR H with modifier X_TILED
[1;32mDEBUG [0mfrom hyprtoolkit ]: zwp_linux_dmabuf_v1: Got format GR H with modifier Y_TILED
[1;32mDEBUG [0mfrom hyprtoolkit ]: zwp_linux_dmabuf_v1: Got format GR H with modifier Y_TILED_GEN12_RC_CCS
[1;32mDEBUG [0mfrom hyprtoolkit ]: zwp_linux_dmabuf_v1: Got format GR H with modifier Y_TILED_GEN12_RC_CCS_CC
[1;32mDEBUG [0mfrom hyprtoolkit ]: zwp_linux_dmabuf_v1: Got format GR H with modifier INVALID
[1;32mDEBUG [0mfrom hyprtoolkit ]: zwp_linux_dmabuf_v1: Got format GR F with modifier LINEAR
[1;32mDEBUG [0mfrom hyprtoolkit ]: zwp_linux_dmabuf_v1: Got format GR F with modifier X_TILED
[1;32mDEBUG [0mfrom hyprtoolkit ]: zwp_linux_dmabuf_v1: Got format GR F with modifier Y_TILED
[1;32mDEBUG [0mfrom hyprtoolkit ]: zwp_linux_dmabuf_v1: Got format GR F with modifier Y_TILED_GEN12_RC_CCS
[1;32mDEBUG [0mfrom hyprtoolkit ]: zwp_linux_dmabuf_v1: Got format GR F with modifier Y_TILED_GEN12_RC_CCS_CC
[1;32mDEBUG [0mfrom hyprtoolkit ]: zwp_linux_dmabuf_v1: Got format GR F with modifier INVALID
[1;32mDEBUG [0mfrom hyprtoolkit ]: zwp_linux_dmabuf_v1: Got format AB8F with modifier LINEAR
[1;32mDEBUG [0mfrom hyprtoolkit ]: zwp_linux_dmabuf_v1: Got format AB8F with modifier X_TILED
[1;32mDEBUG [0mfrom hyprtoolkit ]: zwp_linux_dmabuf_v1: Got format AB8F with modifier Y_TILED
[1;32mDEBUG [0mfrom hyprtoolkit ]: zwp_linux_dmabuf_v1: Got format AB8F with modifier Y_TILED_GEN12_RC_CCS
[1;32mDEBUG [0mfrom hyprtoolkit ]: zwp_linux_dmabuf_v1: Got format AB8F with modifier Y_TILED_GEN12_RC_CCS_CC
[1;32mDEBUG [0mfrom hyprtoolkit ]: zwp_linux_dmabuf_v1: Got format AB8F with modifier INVALID
[1;32mDEBUG [0mfrom hyprtoolkit ]: zwp_linux_dmabuf_v1: Got format YUV9 with modifier INVALID
[1;32mDEBUG [0mfrom hyprtoolkit ]: zwp_linux_dmabuf_v1: Got format YU11 with modifier INVALID
[1;32mDEBUG [0mfrom hyprtoolkit ]: zwp_linux_dmabuf_v1: Got format YU12 with modifier INVALID
[1;32mDEBUG [0mfrom hyprtoolkit ]: zwp_linux_dmabuf_v1: Got format YU16 with modifier INVALID
[1;32mDEBUG [0mfrom hyprtoolkit ]: zwp_linux_dmabuf_v1: Got format YU24 with modifier INVALID
[1;32mDEBUG [0mfrom hyprtoolkit ]: zwp_linux_dmabuf_v1: Got format YVU9 with modifier INVALID
[1;32mDEBUG [0mfrom hyprtoolkit ]: zwp_linux_dmabuf_v1: Got format YV11 with modifier INVALID
[1;32mDEBUG [0mfrom hyprtoolkit ]: zwp_linux_dmabuf_v1: Got format YV12 with modifier INVALID
[1;32mDEBUG [0mfrom hyprtoolkit ]: zwp_linux_dmabuf_v1: Got format YV16 with modifier INVALID
[1;32mDEBUG [0mfrom hyprtoolkit ]: zwp_linux_dmabuf_v1: Got format YV24 with modifier INVALID
[1;32mDEBUG [0mfrom hyprtoolkit ]: zwp_linux_dmabuf_v1: Got format S010 with modifier INVALID
[1;32mDEBUG [0mfrom hyprtoolkit ]: zwp_linux_dmabuf_v1: Got format S210 with modifier INVALID
[1;32mDEBUG [0mfrom hyprtoolkit ]: zwp_linux_dmabuf_v1: Got format S410 with modifier INVALID
[1;32mDEBUG [0mfrom hyprtoolkit ]: zwp_linux_dmabuf_v1: Got format S012 with modifier INVALID
[1;32mDEBUG [0mfrom hyprtoolkit ]: zwp_linux_dmabuf_v1: Got format S212 with modifier INVALID
[1;32mDEBUG [0mfrom hyprtoolkit ]: zwp_linux_dmabuf_v1: Got format S412 with modifier INVALID
[1;32mDEBUG [0mfrom hyprtoolkit ]: zwp_linux_dmabuf_v1: Got format S016 with modifier INVALID
[1;32mDEBUG [0mfrom hyprtoolkit ]: zwp_linux_dmabuf_v1: Got format S216 with modifier INVALID
[1;32mDEBUG [0mfrom hyprtoolkit ]: zwp_linux_dmabuf_v1: Got format S416 with modifier INVALID
[1;32mDEBUG [0mfrom hyprtoolkit ]: zwp_linux_dmabuf_v1: Got format NV12 with modifier INVALID
[1;32mDEBUG [0mfrom hyprtoolkit ]: zwp_linux_dmabuf_v1: Got format NV21 with modifier INVALID
[1;32mDEBUG [0mfrom hyprtoolkit ]: zwp_linux_dmabuf_v1: Got format P010 with modifier INVALID
[1;32mDEBUG [0mfrom hyprtoolkit ]: zwp_linux_dmabuf_v1: Got format P012 with modifier INVALID
[1;32mDEBUG [0mfrom hyprtoolkit ]: zwp_linux_dmabuf_v1: Got format P016 with modifier INVALID
[1;32mDEBUG [0mfrom hyprtoolkit ]: zwp_linux_dmabuf_v1: Got format P030 with modifier INVALID
[1;32mDEBUG [0mfrom hyprtoolkit ]: zwp_linux_dmabuf_v1: Got format NV16 with modifier INVALID
[1;32mDEBUG [0mfrom hyprtoolkit ]: zwp_linux_dmabuf_v1: Got format NV61 with modifier INVALID
[1;32mDEBUG [0mfrom hyprtoolkit ]: zwp_linux_dmabuf_v1: Got format NV24 with modifier INVALID
[1;32mDEBUG [0mfrom hyprtoolkit ]: zwp_linux_dmabuf_v1: Got format NV42 with modifier INVALID
[1;32mDEBUG [0mfrom hyprtoolkit ]: zwp_linux_dmabuf_v1: Got format AYUV with modifier INVALID
[1;32mDEBUG [0mfrom hyprtoolkit ]: zwp_linux_dmabuf_v1: Got format XYUV with modifier INVALID
[1;32mDEBUG [0mfrom hyprtoolkit ]: zwp_linux_dmabuf_v1: Got format Y410 with modifier INVALID
[1;32mDEBUG [0mfrom hyprtoolkit ]: zwp_linux_dmabuf_v1: Got format Y412 with modifier INVALID
[1;32mDEBUG [0mfrom hyprtoolkit ]: zwp_linux_dmabuf_v1: Got format Y416 with modifier INVALID
[1;32mDEBUG [0mfrom hyprtoolkit ]: zwp_linux_dmabuf_v1: Got format YUYV with modifier INVALID
[1;32mDEBUG [0mfrom hyprtoolkit ]: zwp_linux_dmabuf_v1: Got format YVYU with modifier INVALID
[1;32mDEBUG [0mfrom hyprtoolkit ]: zwp_linux_dmabuf_v1: Got format UYVY with modifier INVALID
[1;32mDEBUG [0mfrom hyprtoolkit ]: zwp_linux_dmabuf_v1: Got format VYUY with modifier INVALID
[1;32mDEBUG [0mfrom hyprtoolkit ]: zwp_linux_dmabuf_v1: Got format Y210 with modifier INVALID
[1;32mDEBUG [0mfrom hyprtoolkit ]: zwp_linux_dmabuf_v1: Got format Y212 with modifier INVALID
[1;32mDEBUG [0mfrom hyprtoolkit ]: zwp_linux_dmabuf_v1: Got format Y216 with modifier INVALID
[1;32mDEBUG [0mfrom hyprtoolkit ]: zwp_linux_dmabuf_v1: Got format C8 with modifier Y_TILED
[1;32mDEBUG [0mfrom hyprtoolkit ]: zwp_linux_dmabuf_v1: Got format C8 with modifier X_TILED
[1;32mDEBUG [0mfrom hyprtoolkit ]: zwp_linux_dmabuf_v1: Got format XR24 with modifier Y_TILED_GEN12_MC_CCS
[1;32mDEBUG [0mfrom hyprtoolkit ]: zwp_linux_dmabuf_v1: Got format XB24 with modifier Y_TILED_GEN12_MC_CCS
[1;32mDEBUG [0mfrom hyprtoolkit ]: zwp_linux_dmabuf_v1: Got format AR24 with modifier Y_TILED_GEN12_MC_CCS
[1;32mDEBUG [0mfrom hyprtoolkit ]: zwp_linux_dmabuf_v1: Got format AB24 with modifier Y_TILED_GEN12_MC_CCS
[1;32mDEBUG [0mfrom hyprtoolkit ]: zwp_linux_dmabuf_v1: Got format XR4H with modifier Y_TILED
[1;32mDEBUG [0mfrom hyprtoolkit ]: zwp_linux_dmabuf_v1: Got format XR4H with modifier X_TILED
[1;32mDEBUG [0mfrom hyprtoolkit ]: zwp_linux_dmabuf_v1: Got format AR4H with modifier Y_TILED
[1;32mDEBUG [0mfrom hyprtoolkit ]: zwp_linux_dmabuf_v1: Got format AR4H with modifier X_TILED
[1;32mDEBUG [0mfrom hyprtoolkit ]: zwp_linux_dmabuf_v1: Got format YUYV with modifier Y_TILED_GEN12_MC_CCS
[1;32mDEBUG [0mfrom hyprtoolkit ]: zwp_linux_dmabuf_v1: Got format YUYV with modifier Y_TILED
[1;32mDEBUG [0mfrom hyprtoolkit ]: zwp_linux_dmabuf_v1: Got format YUYV with modifier X_TILED
[1;32mDEBUG [0mfrom hyprtoolkit ]: zwp_linux_dmabuf_v1: Got format YVYU with modifier Y_TILED_GEN12_MC_CCS
[1;32mDEBUG [0mfrom hyprtoolkit ]: zwp_linux_dmabuf_v1: Got format YVYU with modifier Y_TILED
[1;32mDEBUG [0mfrom hyprtoolkit ]: zwp_linux_dmabuf_v1: Got format YVYU with modifier X_TILED
[1;32mDEBUG [0mfrom hyprtoolkit ]: zwp_linux_dmabuf_v1: Got format UYVY with modifier Y_TILED_GEN12_MC_CCS
[1;32mDEBUG [0mfrom hyprtoolkit ]: zwp_linux_dmabuf_v1: Got format UYVY with modifier Y_TILED
[1;32mDEBUG [0mfrom hyprtoolkit ]: zwp_linux_dmabuf_v1: Got format UYVY with modifier X_TILED
[1;32mDEBUG [0mfrom hyprtoolkit ]: zwp_linux_dmabuf_v1: Got format VYUY with modifier Y_TILED_GEN12_MC_CCS
[1;32mDEBUG [0mfrom hyprtoolkit ]: zwp_linux_dmabuf_v1: Got format VYUY with modifier Y_TILED
[1;32mDEBUG [0mfrom hyprtoolkit ]: zwp_linux_dmabuf_v1: Got format VYUY with modifier X_TILED
[1;32mDEBUG [0mfrom hyprtoolkit ]: zwp_linux_dmabuf_v1: Got format NV12 with modifier Y_TILED_GEN12_MC_CCS
[1;32mDEBUG [0mfrom hyprtoolkit ]: zwp_linux_dmabuf_v1: Got format NV12 with modifier Y_TILED
[1;32mDEBUG [0mfrom hyprtoolkit ]: zwp_linux_dmabuf_v1: Got format NV12 with modifier X_TILED
[1;32mDEBUG [0mfrom hyprtoolkit ]: zwp_linux_dmabuf_v1: Got format P010 with modifier Y_TILED_GEN12_MC_CCS
[1;32mDEBUG [0mfrom hyprtoolkit ]: zwp_linux_dmabuf_v1: Got format P010 with modifier Y_TILED
[1;32mDEBUG [0mfrom hyprtoolkit ]: zwp_linux_dmabuf_v1: Got format P010 with modifier X_TILED
[1;32mDEBUG [0mfrom hyprtoolkit ]: zwp_linux_dmabuf_v1: Got format P012 with modifier Y_TILED_GEN12_MC_CCS
[1;32mDEBUG [0mfrom hyprtoolkit ]: zwp_linux_dmabuf_v1: Got format P012 with modifier Y_TILED
[1;32mDEBUG [0mfrom hyprtoolkit ]: zwp_linux_dmabuf_v1: Got format P012 with modifier X_TILED
[1;32mDEBUG [0mfrom hyprtoolkit ]: zwp_linux_dmabuf_v1: Got format P016 with modifier Y_TILED_GEN12_MC_CCS
[1;32mDEBUG [0mfrom hyprtoolkit ]: zwp_linux_dmabuf_v1: Got format P016 with modifier Y_TILED
[1;32mDEBUG [0mfrom hyprtoolkit ]: zwp_linux_dmabuf_v1: Got format P016 with modifier X_TILED
[1;32mDEBUG [0mfrom hyprtoolkit ]: zwp_linux_dmabuf_v1: Got format Y210 with modifier Y_TILED
[1;32mDEBUG [0mfrom hyprtoolkit ]: zwp_linux_dmabuf_v1: Got format Y210 with modifier X_TILED
[1;32mDEBUG [0mfrom hyprtoolkit ]: zwp_linux_dmabuf_v1: Got format Y212 with modifier Y_TILED
[1;32mDEBUG [0mfrom hyprtoolkit ]: zwp_linux_dmabuf_v1: Got format Y212 with modifier X_TILED
[1;32mDEBUG [0mfrom hyprtoolkit ]: zwp_linux_dmabuf_v1: Got format Y216 with modifier Y_TILED
[1;32mDEBUG [0mfrom hyprtoolkit ]: zwp_linux_dmabuf_v1: Got format Y216 with modifier X_TILED
[1;32mDEBUG [0mfrom hyprtoolkit ]: zwp_linux_dmabuf_v1: Got format XYUV with modifier Y_TILED_GEN12_MC_CCS
[1;32mDEBUG [0mfrom hyprtoolkit ]: zwp_linux_dmabuf_v1: Got format XYUV with modifier Y_TILED
[1;32mDEBUG [0mfrom hyprtoolkit ]: zwp_linux_dmabuf_v1: Got format XYUV with modifier X_TILED
[1;32mDEBUG [0mfrom hyprtoolkit ]: zwp_linux_dmabuf_v1: Got format XV30 with modifier Y_TILED
[1;32mDEBUG [0mfrom hyprtoolkit ]: zwp_linux_dmabuf_v1: Got format XV30 with modifier X_TILED
[1;32mDEBUG [0mfrom hyprtoolkit ]: zwp_linux_dmabuf_v1: Got format XV36 with modifier Y_TILED
[1;32mDEBUG [0mfrom hyprtoolkit ]: zwp_linux_dmabuf_v1: Got format XV36 with modifier X_TILED
[1;32mDEBUG [0mfrom hyprtoolkit ]: zwp_linux_dmabuf_v1: Got format XV48 with modifier Y_TILED
[1;32mDEBUG [0mfrom hyprtoolkit ]: zwp_linux_dmabuf_v1: Got format XV48 with modifier X_TILED
[1;32mDEBUG [0mfrom hyprtoolkit ]: zwp_linux_dmabuf_v1: Got main device
[1;32mDEBUG [0mfrom hyprtoolkit ]: zwp_linux_dmabuf_v1: Got node /dev/dri/renderD128
[1;32mDEBUG [0mfrom hyprtoolkit ]: zwp_linux_dmabuf_v1: Got done
[1;32mDEBUG [0mfrom hyprtoolkit ]: wayland output 63: name eDP-1
[1;32mDEBUG [0mfrom hyprtoolkit ]: wayland output 63: description BOE NE135A1M-NY1  (eDP-1)
[1;32mDEBUG [0mfrom hyprtoolkit ]: wayland output 63: dimensions [Vector2D: x: 2880, y: 1920]
[1;32mDEBUG [0mfrom hyprtoolkit ]: wayland output 63: make BOE model NE135A1M-NY1
[1;32mDEBUG [0mfrom hyprtoolkit ]: wayland output 63: done
[1;32mDEBUG [0mfrom hyprtoolkit ]: wayland output 64: name DP-1
[1;32mDEBUG [0mfrom hyprtoolkit ]: wayland output 64: description LG Electronics 27GL850 912NTDVCD946 (DP-1)
[1;32mDEBUG [0mfrom hyprtoolkit ]: wayland output 64: dimensions [Vector2D: x: 2560, y: 1440]
[1;32mDEBUG [0mfrom hyprtoolkit ]: wayl