{ 0, ":", "", 0, 1, 0,
  event = "cmdline_show",
  kind = { { 0, "" } }
}
{ 1, ":", "", 0, 1, 0,
  event = "cmdline_show",
  kind = { { 0, "N" } }
}
{ 2, ":", "", 0, 1, 0,
  event = "cmdline_show",
  kind = { { 0, "No" } }
}
{ 3, ":", "", 0, 1, 0,
  event = "cmdline_show",
  kind = { { 0, "Noi" } }
}
{ -1, 0, 0, -1,
  event = "popupmenu_show",
  kind = { { "Noice", "", "", "" }, { "NoiceAll", "", "", "" }, { "NoiceConfig", "", "", "" }, { "NoiceDebug", "", "", "" }, { "NoiceDisable", "", "", "" }, { "NoiceDismiss", "", "", "" }, { "NoiceEnable", "", "", "" }, { "NoiceErrors", "", "", "" }, { "NoiceFzf", "", "", "" }, { "NoiceHistory", "", "", "" }, { "NoiceLast", "", "", "" }, { "NoiceLog", "", "", "" }, { "NoicePick", "", "", "" }, { "NoiceRoutes", "", "", "" }, { "NoiceSnacks", "", "", "" }, { "NoiceStats", "", "", "" }, { "NoiceTelescope", "", "", "" }, { "NoiceViewstats", "", "", "" } }
}
{ 3, ":", "", 0, 1, 0,
  event = "cmdline_show",
  kind = { { 0, "Noi" } }
}
{
  event = "popupmenu_select",
  kind = 0
}
{ 3, ":", "", 0, 1, 0,
  event = "cmdline_show",
  kind = { { 0, "Noi" } }
}
{ 5, ":", "", 0, 1, 0,
  event = "cmdline_show",
  kind = { { 0, "Noice" } }
}
{
  event = "popupmenu_hide"
}
{ 6, ":", "", 0, 1, 0,
  event = "cmdline_show",
  kind = { { 0, "NoiceC" } }
}
{ 7, ":", "", 0, 1, 0,
  event = "cmdline_show",
  kind = { { 0, "NoiceCo" } }
}
{ 8, ":", "", 0, 1, 0,
  event = "cmdline_show",
  kind = { { 0, "NoiceCon" } }
}
{ 11, ":", "", 0, 1, 0,
  event = "cmdline_show",
  kind = { { 0, "NoiceConfig" } }
}
{ false,
  event = "cmdline_hide",
  kind = 1
}
{
  event = "msg_showmode",
  kind = { { 221, "recording @q", 11 } }
}
{
  event = "msg_showmode",
  kind = { { 221, "recording @q", 11 } }
}
{
  event = "msg_showmode",
  kind = { { 221, "recording @q", 11 } }
}
{
  event = "msg_showmode",
  kind = { { 221, "recording @q", 11 } }
}
{
  event = "msg_showmode",
  kind = { { 221, "recording @q", 11 } }
}
{
  event = "msg_showmode",
  kind = { { 221, "recording @q", 11 } }
}
{
  event = "msg_showmode",
  kind = { { 221, "recording @q", 11 } }
}
{
  event = "msg_showmode",
  kind = { { 221, "recording @q", 11 } }
}
{
  event = "msg_showmode",
  kind = { { 221, "recording @q", 11 } }
}
{
  event = "msg_showmode",
  kind = { { 221, "recording @q", 11 } }
}
{
  event = "msg_showmode",
  kind = { { 221, "recording @q", 11 } }
}
{
  event = "msg_showmode",
  kind = { { 221, "recording @q", 11 } }
}
{
  event = "msg_showmode",
  kind = { { 221, "recording @q", 11 } }
}
{
  event = "msg_showmode",
  kind = { { 221, "recording @q", 11 } }
}
{
  event = "msg_showmode",
  kind = { { 221, "recording @q", 11 } }
}
{
  event = "msg_showmode",
  kind = { { 221, "recording @q", 11 } }
}
{
  event = "msg_showmode",
  kind = { { 221, "recording @q", 11 } }
}
{
  event = "msg_showmode",
  kind = { { 221, "recording @q", 11 } }
}
{
  event = "msg_showmode",
  kind = { { 221, "recording @q", 11 } }
}
{
  event = "msg_showmode",
  kind = { { 221, "recording @q", 11 } }
}
{
  event = "msg_showmode",
  kind = { { 221, "recording @q", 11 } }
}
{
  event = "msg_showmode",
  kind = { { 221, "recording @q", 11 } }
}
{
  event = "msg_showmode",
  kind = { { 221, "recording @q", 11 } }
}
{
  event = "msg_showmode",
  kind = { { 221, "recording @q", 11 } }
}
{
  event = "msg_showmode",
  kind = { { 221, "recording @q", 11 } }
}
{
  event = "msg_showmode",
  kind = { { 221, "recording @q", 11 } }
}
{
  event = "msg_showmode",
  kind = { { 221, "recording @q", 11 } }
}
{
  event = "msg_showmode",
  kind = { { 221, "recording @q", 11 } }
}
{
  event = "msg_showmode",
  kind = { { 221, "recording @q", 11 } }
}
{
  event = "msg_showmode",
  kind = { { 221, "recording @q", 11 } }
}
{
  event = "msg_showmode",
  kind = { { 221, "recording @q", 11 } }
}
{
  event = "msg_showmode",
  kind = { { 221, "recording @q", 11 } }
}
{
  event = "msg_showmode",
  kind = { { 221, "recording @q", 11 } }
}
{
  event = "msg_showmode",
  kind = { { 221, "recording @q", 11 } }
}
{
  event = "msg_showmode",
  kind = { { 221, "recording @q", 11 } }
}
{
  event = "msg_showmode",
  kind = { { 221, "recording @q", 11 } }
}
{
  event = "msg_showmode",
  kind = { { 221, "recording @q", 11 } }
}
{
  event = "msg_showmode",
  kind = { { 221, "recording @q", 11 } }
}
{
  event = "msg_showmode",
  kind = { { 221, "recording @q", 11 } }
}
{
  event = "msg_showmode",
  kind = { { 221, "recording @q", 11 } }
}
{
  event = "msg_showmode",
  kind = { { 221, "recording @q", 11 } }
}
{
  event = "msg_showmode",
  kind = { { 221, "recording @q", 11 } }
}
{
  event = "msg_showmode",
  kind = { { 221, "recording @q", 11 } }
}
{
  event = "msg_showmode",
  kind = { { 221, "recording @q", 11 } }
}
{
  event = "msg_showmode",
  kind = { { 221, "recording @q", 11 } }
}
{
  event = "msg_showmode",
  kind = { { 221, "recording @q", 11 } }
}
{
  event = "msg_showmode",
  kind = { { 221, "recording @q", 11 } }
}
{
  event = "msg_showmode",
  kind = { { 221, "recording @q", 11 } }
}
{
  event = "msg_showmode",
  kind = { { 221, "recording @q", 11 } }
}
{
  event = "msg_showmode",
  kind = { { 221, "recording @q", 11 } }
}
{
  event = "msg_showmode",
  kind = { { 221, "recording @q", 11 } }
}
{
  event = "msg_showmode",
  kind = { { 221, "recording @q", 11 } }
}
{
  event = "msg_showmode",
  kind = { { 221, "recording @q", 11 } }
}
{
  event = "msg_showmode",
  kind = { { 221, "recording @q", 11 } }
}
{
  event = "msg_showmode",
  kind = { { 221, "recording @q", 11 } }
}
{
  event = "msg_showmode",
  kind = { { 221, "recording @q", 11 } }
}
{
  event = "msg_showmode",
  kind = { { 221, "recording @q", 11 } }
}
{
  event = "msg_showmode",
  kind = { { 221, "recording @q", 11 } }
}
{
  event = "msg_showmode",
  kind = { { 221, "recording @q", 11 } }
}
{
  event = "msg_showmode",
  kind = { { 221, "recording @q", 11 } }
}
{ 0, ":", "", 0, 1, 0,
  event = "cmdline_show",
  kind = { { 0, "" } }
}
{
  event = "msg_showmode",
  kind = { { 221, "recording @q", 11 } }
}
{
  event = "msg_showmode",
  kind = { { 221, "recording @q", 11 } }
}
{
  event = "msg_showmode",
  kind = { { 221, "recording @q", 11 } }
}
{
  event = "msg_showmode",
  kind = { { 221, "recording @q", 11 } }
}
{ 1, ":", "", 0, 1, 0,
  event = "cmdline_show",
  kind = { { 0, "N" } }
}
{
  event = "msg_showmode",
  kind = { { 221, "recording @q", 11 } }
}
{ 2, ":", "", 0, 1, 0,
  event = "cmdline_show",
  kind = { { 0, "No" } }
}
{
  event = "msg_showmode",
  kind = { { 221, "recording @q", 11 } }
}
{ 3, ":", "", 0, 1, 0,
  event = "cmdline_show",
  kind = { { 0, "Noi" } }
}
{
  event = "msg_showmode",
  kind = { { 221, "recording @q", 11 } }
}
{ 4, ":", "", 0, 1, 0,
  event = "cmdline_show",
  kind = { { 0, "Noic" } }
}
{
  event = "msg_showmode",
  kind = { { 221, "recording @q", 11 } }
}
{ 5, ":", "", 0, 1, 0,
  event = "cmdline_show",
  kind = { { 0, "Noice" } }
}
{
  event = "msg_showmode",
  kind = { { 221, "recording @q", 11 } }
}
{ 6, ":", "", 0, 1, 0,
  event = "cmdline_show",
  kind = { { 0, "Noice " } }
}
{
  event = "msg_showmode",
  kind = { { 221, "recording @q", 11 } }
}
{ 7, ":", "", 0, 1, 0,
  event = "cmdline_show",
  kind = { { 0, "Noice t" } }
}
{
  event = "msg_showmode",
  kind = { { 221, "recording @q", 11 } }
}
{ 8, ":", "", 0, 1, 0,
  event = "cmdline_show",
  kind = { { 0, "Noice te" } }
}
{
  event = "msg_showmode",
  kind = { { 221, "recording @q", 11 } }
}
{ 9, ":", "", 0, 1, 0,
  event = "cmdline_show",
  kind = { { 0, "Noice tel" } }
}
{
  event = "msg_showmode",
  kind = { { 221, "recording @q", 11 } }
}
{ 10, ":", "", 0, 1, 0,
  event = "cmdline_show",
  kind = { { 0, "Noice tele" } }
}
{
  event = "msg_showmode",
  kind = { { 221, "recording @q", 11 } }
}
{ 15, ":", "", 0, 1, 0,
  event = "cmdline_show",
  kind = { { 0, "Noice telescope" } }
}
{
  event = "msg_showmode",
  kind = { { 221, "recording @q", 11 } }
}
{ false,
  event = "cmdline_hide",
  kind = 1
}
{
  event = "msg_showmode",
  kind = { { 221, "-- INSERT --recording @q", 11 } }
}
{
  event = "msg_showmode",
  kind = { { 221, "-- INSERT --recording @q", 11 } }
}
{
  event = "msg_showmode",
  kind = { { 221, "recording @q", 11 } }
}
{
  event = "msg_showmode",
  kind = { { 221, "recording @q", 11 } }
}
{ 0, ":", "", 0, 1, 0,
  event = "cmdline_show",
  kind = { { 0, "" } }
}
{
  event = "msg_showmode",
  kind = { { 221, "recording @q", 11 } }
}
{
  event = "msg_showmode",
  kind = { { 221, "recording @q", 11 } }
}
{
  event = "msg_showmode",
  kind = { { 221, "recording @q", 11 } }
}
{
  event = "msg_showmode",
  kind = { { 221, "recording @q", 11 } }
}
{ 5, ":", "", 0, 1, 0,
  event = "cmdline_show",
  kind = { { 0, "Noice" } }
}
{
  event = "msg_showmode",
  kind = { { 221, "recording @q", 11 } }
}
{ 8, ":", "", 0, 1, 0,
  event = "cmdline_show",
  kind = { { 0, "NoiceFzf" } }
}
{
  event = "msg_showmode",
  kind = { { 221, "recording @q", 11 } }
}
{ 2, ":", "", 0, 1, 0,
  event = "cmdline_show",
  kind = { { 0, "qa" } }
}
{
  event = "msg_showmode",
  kind = { { 221, "recording @q", 11 } }
}
{ 8, ":", "", 0, 1, 0,
  event = "cmdline_show",
  kind = { { 0, "NoiceFzf" } }
}
{
  event = "msg_showmode",
  kind = { { 221, "recording @q", 11 } }
}
{ 5, ":", "", 0, 1, 0,
  event = "cmdline_show",
  kind = { { 0, "Noice" } }
}
{
  event = "msg_showmode",
  kind = { { 221, "recording @q", 11 } }
}
{ 8, ":", "", 0, 1, 0,
  event = "cmdline_show",
  kind = { { 0, "NoiceAll" } }
}
{
  event = "msg_showmode",
  kind = { { 221, "recording @q", 11 } }
}
{ 10, ":", "", 0, 1, 0,
  event = "cmdline_show",
  kind = { { 0, "NoiceDebug" } }
}
{
  event = "msg_showmode",
  kind = { { 221, "recording @q", 11 } }
}
{ 11, ":", "", 0, 1, 0,
  event = "cmdline_show",
  kind = { { 0, "NoiceConfig" } }
}
{
  event = "msg_showmode",
  kind = { { 221, "recording @q", 11 } }
}
{ 15, ":", "", 0, 1, 0,
  event = "cmdline_show",
  kind = { { 0, "Noice telescope" } }
}
{
  event = "msg_showmode",
  kind = { { 221, "recording @q", 11 } }
}
{ 0, ":", "", 0, 1, 0,
  event = "cmdline_show",
  kind = { { 0, "" } }
}
{
  event = "msg_showmode",
  kind = { { 221, "recording @q", 11 } }
}
{ false, 1,
  event = "cmdline_special_char",
  kind = "R"
}
{ 0, ":", "", 0, 1, 0,
  event = "cmdline_show",
  kind = { { 0, "" } }
}
{ true, 1,
  event = "cmdline_special_char",
  kind = '"'
}
{ 0, ":", "", 0, 1, 0,
  event = "cmdline_show",
  kind = { { 0, "" } }
}
{
  event = "msg_showmode",
  kind = { { 221, "recording @q", 11 } }
}
{
  event = "msg_showmode",
  kind = { { 221, "recording @q", 11 } }
}
{
  event = "msg_showmode",
  kind = { { 221, "recording @q", 11 } }
}
{
  event = "msg_showmode",
  kind = { { 221, "recording @q", 11 } }
}
{
  event = "msg_showmode",
  kind = { { 221, "recording @q", 11 } }
}
{
  event = "msg_showmode",
  kind = { { 221, "recording @q", 11 } }
}
{
  event = "msg_showmode",
  kind = { { 221, "recording @q", 11 } }
}
{
  event = "msg_showmode",
  kind = { { 221, "recording @q", 11 } }
}
{
  event = "msg_showmode",
  kind = { { 221, "recording @q", 11 } }
}
{
  event = "msg_showmode",
  kind = { { 221, "recording @q", 11 } }
}
{
  event = "msg_showmode",
  kind = { { 221, "recording @q", 11 } }
}
{
  event = "msg_showmode",
  kind = { { 221, "recording @q", 11 } }
}
{
  event = "msg_showmode",
  kind = { { 221, "recording @q", 11 } }
}
{
  event = "msg_showmode",
  kind = { { 221, "recording @q", 11 } }
}
{
  event = "msg_showmode",
  kind = { { 221, "recording @q", 11 } }
}
{
  event = "msg_showmode",
  kind = { { 221, "recording @q", 11 } }
}
{
  event = "msg_showmode",
  kind = { { 221, "recording @q", 11 } }
}
{
  event = "msg_showmode",
  kind = { { 221, "recording @q", 11 } }
}
{
  event = "msg_showmode",
  kind = { { 221, "recording @q", 11 } }
}
{
  event = "msg_showmode",
  kind = { { 221, "recording @q", 11 } }
}
{
  event = "msg_showmode",
  kind = { { 221, "recording @q", 11 } }
}
{
  event = "msg_showmode",
  kind = { { 221, "recording @q", 11 } }
}
{
  event = "msg_showmode",
  kind = { { 221, "recording @q", 11 } }
}
{
  event = "msg_showmode",
  kind = { { 221, "recording @q", 11 } }
}
{
  event = "msg_showmode",
  kind = { { 221, "recording @q", 11 } }
}
{
  event = "msg_showmode",
  kind = { { 221, "recording @q", 11 } }
}
{
  event = "msg_showmode",
  kind = { { 221, "recording @q", 11 } }
}
{
  event = "msg_showmode",
  kind = { { 221, "recording @q", 11 } }
}
{
  event = "msg_showmode",
  kind = { { 221, "recording @q", 11 } }
}
{
  event = "msg_showmode",
  kind = { { 221, "recording @q", 11 } }
}
{
  event = "msg_showmode",
  kind = { { 221, "recording @q", 11 } }
}
{
  event = "msg_showmode",
  kind = { { 221, "recording @q", 11 } }
}
{
  event = "msg_showmode",
  kind = { { 221, "recording @q", 11 } }
}
{
  event = "msg_showmode",
  kind = { { 221, "recording @q", 11 } }
}
{
  event = "msg_showmode",
  kind = { { 221, "recording @q", 11 } }
}
{
  event = "msg_showmode",
  kind = { { 221, "recording @q", 11 } }
}
{
  event = "msg_showmode",
  kind = { { 221, "recording @q", 11 } }
}
{
  event = "msg_showmode",
  kind = { { 221, "recording @q", 11 } }
}
{
  event = "msg_showmode",
  kind = { { 221, "recording @q", 11 } }
}
{
  event = "msg_showmode",
  kind = { { 221, "recording @q", 11 } }
}
{
  event = "msg_showmode",
  kind = { { 221, "recording @q", 11 } }
}
{
  event = "msg_showmode",
  kind = { { 221, "recording @q", 11 } }
}
{
  event = "msg_showmode",
  kind = { { 221, "recording @q", 11 } }
}
{
  event = "msg_showmode",
  kind = { { 221, "recording @q", 11 } }
}
{
  event = "msg_showmode",
  kind = { { 221, "recording @q", 11 } }
}
{
  event = "msg_showmode",
  kind = { { 221, "recording @q", 11 } }
}
{
  event = "msg_showmode",
  kind = { { 221, "recording @q", 11 } }
}
{
  event = "msg_showmode",
  kind = { { 221, "recording @q", 11 } }
}
{
  event = "msg_showmode",
  kind = { { 221, "recording @q", 11 } }
}
{
  event = "msg_showmode",
  kind = { { 221, "recording @q", 11 } }
}
{
  event = "msg_showmode",
  kind = { { 221, "recording @q", 11 } }
}
{
  event = "msg_showmode",
  kind = { { 221, "recording @q", 11 } }
}
{
  event = "msg_showmode",
  kind = { { 221, "recording @q", 11 } }
}
{
  event = "msg_showmode",
  kind = { { 221, "recording @q", 11 } }
}
{
  event = "msg_showmode",
  kind = { { 221, "recording @q", 11 } }
}
{
  event = "msg_showmode",
  kind = { { 221, "recording @q", 11 } }
}
{
  event = "msg_showmode",
  kind = { { 221, "recording @q", 11 } }
}
{
  event = "msg_showmode",
  kind = { { 221, "recording @q", 11 } }
}
{
  event = "msg_showmode",
  kind = { { 221, "recording @q", 11 } }
}
{
  event = "msg_showmode",
  kind = { { 221, "recording @q", 11 } }
}
{
  event = "msg_showmode",
  kind = { { 221, "recording @q", 11 } }
}
{
  event = "msg_showmode",
  kind = { { 221, "recording @q", 11 } }
}
{
  event = "msg_showmode",
  kind = { { 221, "recording @q", 11 } }
}
{
  event = "msg_showmode",
  kind = { { 221, "recording @q", 11 } }
}
{
  event = "msg_showmode",
  kind = { { 221, "recording @q", 11 } }
}
{
  event = "msg_showmode",
  kind = { { 221, "recording @q", 11 } }
}
{
  event = "msg_showmode",
  kind = { { 221, "recording @q", 11 } }
}
{
  event = "msg_showmode",
  kind = { { 221, "recording @q", 11 } }
}
{
  event = "msg_showmode",
  kind = { { 221, "recording @q", 11 } }
}
{
  event = "msg_showmode",
  kind = { { 221, "recording @q", 11 } }
}
{
  event = "msg_showmode",
  kind = { { 221, "recording @q", 11 } }
}
{
  event = "msg_showmode",
  kind = { { 221, "recording @q", 11 } }
}
{
  event = "msg_showmode",
  kind = { { 221, "recording @q", 11 } }
}
{
  event = "msg_showmode",
  kind = { { 221, "recording @q", 11 } }
}
{
  event = "msg_showmode",
  kind = { { 221, "recording @q", 11 } }
}
{
  event = "msg_showmode",
  kind = { { 221, "recording @q", 11 } }
}
{
  event = "msg_showmode",
  kind = { { 221, "recording @q", 11 } }
}
{
  event = "msg_showmode",
  kind = { { 221, "recording @q", 11 } }
}
{
  event = "msg_showmode",
  kind = { { 221, "recording @q", 11 } }
}
{
  event = "msg_showmode",
  kind = { { 221, "recording @q", 11 } }
}
{
  event = "msg_showmode",
  kind = { { 221, "recording @q", 11 } }
}
{
  event = "msg_showmode",
  kind = { { 221, "recording @q", 11 } }
}
{
  event = "msg_showmode",
  kind = { { 221, "recording @q", 11 } }
}
{
  event = "msg_showmode",
  kind = { { 221, "recording @q", 11 } }
}
{
  event = "msg_showmode",
  kind = { { 221, "recording @q", 11 } }
}
{
  event = "msg_showmode",
  kind = { { 221, "recording @q", 11 } }
}
{
  event = "msg_showmode",
  kind = { { 221, "recording @q", 11 } }
}
{
  event = "msg_showmode",
  kind = { { 221, "recording @q", 11 } }
}
{
  event = "msg_showmode",
  kind = { { 221, "recording @q", 11 } }
}
{
  event = "msg_showmode",
  kind = { { 221, "recording @q", 11 } }
}
{
  event = "msg_showmode",
  kind = { { 221, "recording @q", 11 } }
}
{
  event = "msg_showmode",
  kind = { { 221, "recording @q", 11 } }
}
{
  event = "msg_showmode",
  kind = { { 221, "recording @q", 11 } }
}
{
  event = "msg_showmode",
  kind = { { 221, "recording @q", 11 } }
}
{
  event = "msg_showmode",
  kind = { { 221, "recording @q", 11 } }
}
{
  event = "msg_showmode",
  kind = { { 221, "recording @q", 11 } }
}
{
  event = "msg_showmode",
  kind = { { 221, "recording @q", 11 } }
}
{
  event = "msg_showmode",
  kind = { { 221, "recording @q", 11 } }
}
{
  event = "msg_showmode",
  kind = { { 221, "recording @q", 11 } }
}
{
  event = "msg_showmode",
  kind = { { 221, "recording @q", 11 } }
}
{
  event = "msg_showmode",
  kind = { { 221, "recording @q", 11 } }
}
{
  event = "msg_showmode",
  kind = { { 221, "recording @q", 11 } }
}
{
  event = "msg_showmode",
  kind = { { 221, "recording @q", 11 } }
}
{
  event = "msg_showmode",
  kind = { { 221, "recording @q", 11 } }
}
{
  event = "msg_showmode",
  kind = { { 221, "recording @q", 11 } }
}
{
  event = "msg_showmode",
  kind = { { 221, "recording @q", 11 } }
}
{
  event = "msg_showmode",
  kind = { { 221, "recording @q", 11 } }
}
{
  event = "msg_showmode",
  kind = { { 221, "recording @q", 11 } }
}
{
  event = "msg_showmode",
  kind = { { 221, "recording @q", 11 } }
}
{
  event = "msg_showmode",
  kind = { { 221, "recording @q", 11 } }
}
{
  event = "msg_showmode",
  kind = { { 221, "recording @q", 11 } }
}
{
  event = "msg_showmode",
  kind = { { 221, "recording @q", 11 } }
}
{
  event = "msg_showmode",
  kind = { { 221, "recording @q", 11 } }
}
{ true,
  event = "cmdline_hide",
  kind = 1
}
{
  event = "msg_showmode",
  kind = { { 221, "recording @q", 11 } }
}
{
  event = "msg_showmode",
  kind = { { 221, "recording @q", 11 } }
}
{
  event = "msg_showmode",
  kind = { { 221, "recording @q", 11 } }
}
{
  event = "msg_showmode",
  kind = { { 221, "recording @q", 11 } }
}
{
  event = "msg_showmode",
  kind = { { 221, "recording @q", 11 } }
}
{
  event = "msg_showmode",
  kind = { { 221, "recording @q", 11 } }
}
{
  event = "msg_showmode",
  kind = { { 221, "recording @q", 11 } }
}
{
  event = "msg_showmode",
  kind = { { 221, "recording @q", 11 } }
}
{
  event = "msg_showmode",
  kind = { { 221, "recording @q", 11 } }
}
{
  event = "msg_showmode",
  kind = { { 221, "recording @q", 11 } }
}
{
  event = "msg_showmode",
  kind = { { 221, "recording @q", 11 } }
}
{
  event = "msg_showmode",
  kind = { { 221, "recording @q", 11 } }
}
{
  event = "msg_showmode",
  kind = { { 221, "recording @q", 11 } }
}
{
  event = "msg_showmode",
  kind = { { 221, "recording @q", 11 } }
}
{
  event = "msg_showmode",
  kind = { { 221, "recording @q", 11 } }
}
{
  event = "msg_showmode",
  kind = { { 221, "recording @q", 11 } }
}
{
  event = "msg_showmode",
  kind = { { 221, "recording @q", 11 } }
}
{
  event = "msg_showmode",
  kind = { { 221, "recording @q", 11 } }
}
{
  event = "msg_showmode",
  kind = { { 221, "recording @q", 11 } }
}
{
  event = "msg_showmode",
  kind = { { 221, "recording @q", 11 } }
}
{
  event = "msg_showmode",
  kind = { { 221, "recording @q", 11 } }
}
{
  event = "msg_showmode",
  kind = { { 221, "recording @q", 11 } }
}
{
  event = "msg_showmode",
  kind = { { 221, "recording @q", 11 } }
}
{
  event = "msg_showmode",
  kind = { { 221, "recording @q", 11 } }
}
{
  event = "msg_showmode",
  kind = { { 221, "recording @q", 11 } }
}
{
  event = "msg_showmode",
  kind = { { 221, "recording @q", 11 } }
}
{
  event = "msg_showmode",
  kind = { { 221, "recording @q", 11 } }
}
{
  event = "msg_showmode",
  kind = { { 221, "recording @q", 11 } }
}
{
  event = "msg_showmode",
  kind = { { 221, "recording @q", 11 } }
}
{
  event = "msg_showmode",
  kind = { { 221, "recording @q", 11 } }
}
{
  event = "msg_showmode",
  kind = { { 221, "recording @q", 11 } }
}
{
  event = "msg_showmode",
  kind = { { 221, "recording @q", 11 } }
}
{
  event = "msg_showmode",
  kind = { { 221, "recording @q", 11 } }
}
{
  event = "msg_showmode",
  kind = { { 221, "recording @q", 11 } }
}
{
  event = "msg_showmode",
  kind = { { 221, "recording @q", 11 } }
}
{
  event = "msg_showmode",
  kind = { { 221, "recording @q", 11 } }
}
{
  event = "msg_showmode",
  kind = { { 221, "recording @q", 11 } }
}
{
  event = "msg_showmode",
  kind = { { 221, "recording @q", 11 } }
}
{
  event = "msg_showmode",
  kind = { { 221, "recording @q", 11 } }
}
{
  event = "msg_showmode",
  kind = { { 221, "recording @q", 11 } }
}
{
  event = "msg_showmode",
  kind = { { 221, "recording @q", 11 } }
}
{
  event = "msg_showmode",
  kind = { { 221, "recording @q", 11 } }
}
{
  event = "msg_showmode",
  kind = { { 221, "recording @q", 11 } }
}
{
  event = "msg_showmode",
  kind = { { 221, "recording @q", 11 } }
}
{
  event = "msg_showmode",
  kind = { { 221, "recording @q", 11 } }
}
{
  event = "msg_showmode",
  kind = { { 221, "recording @q", 11 } }
}
{
  event = "msg_showmode",
  kind = { { 221, "recording @q", 11 } }
}
{
  event = "msg_showmode",
  kind = { { 221, "recording @q", 11 } }
}
{
  event = "msg_showmode",
  kind = { { 221, "recording @q", 11 } }
}
{
  event = "msg_showmode",
  kind = { { 221, "recording @q", 11 } }
}
{
  event = "msg_showmode",
  kind = { { 221, "recording @q", 11 } }
}
{
  event = "msg_showmode",
  kind = { { 221, "recording @q", 11 } }
}
{
  event = "msg_showmode",
  kind = { { 221, "recording @q", 11 } }
}
{
  event = "msg_showmode",
  kind = { { 221, "recording @q", 11 } }
}
{
  event = "msg_showmode",
  kind = { { 221, "recording @q", 11 } }
}
{
  event = "msg_showmode",
  kind = { { 221, "recording @q", 11 } }
}
{
  event = "msg_showmode",
  kind = { { 221, "recording @q", 11 } }
}
{
  event = "msg_showmode",
  kind = { { 221, "recording @q", 11 } }
}
{
  event = "msg_showmode",
  kind = { { 221, "recording @q", 11 } }
}
{
  event = "msg_showmode",
  kind = { { 221, "recording @q", 11 } }
}
{
  event = "msg_showmode",
  kind = { { 221, "recording @q", 11 } }
}
{
  event = "msg_showmode",
  kind = { { 221, "recording @q", 11 } }
}
{
  event = "msg_showmode",
  kind = { { 221, "recording @q", 11 } }
}
{
  event = "msg_showmode",
  kind = { { 221, "recording @q", 11 } }
}
{
  event = "msg_showmode",
  kind = { { 221, "recording @q", 11 } }
}
{
  event = "msg_showmode",
  kind = { { 221, "recording @q", 11 } }
}
{
  event = "msg_showmode",
  kind = { { 221, "recording @q", 11 } }
}
{
  event = "msg_showmode",
  kind = { { 221, "recording @q", 11 } }
}
{
  event = "msg_showmode",
  kind = { { 221, "recording @q", 11 } }
}
{
  event = "msg_showmode",
  kind = { { 221, "recording @q", 11 } }
}
{
  event = "msg_showmode",
  kind = { { 221, "recording @q", 11 } }
}
{
  event = "msg_showmode",
  kind = { { 221, "recording @q", 11 } }
}
{
  event = "msg_showmode",
  kind = { { 221, "recording @q", 11 } }
}
{
  event = "msg_showmode",
  kind = { { 221, "recording @q", 11 } }
}
{
  event = "msg_showmode",
  kind = { { 221, "recording @q", 11 } }
}
{
  event = "msg_showmode",
  kind = { { 221, "recording @q", 11 } }
}
{
  event = "msg_showmode",
  kind = { { 221, "recording @q", 11 } }
}
{
  event = "msg_showmode",
  kind = { { 221, "recording @q", 11 } }
}
{
  event = "msg_showmode",
  kind = { { 221, "recording @q", 11 } }
}
{
  event = "msg_showmode",
  kind = { { 221, "recording @q", 11 } }
}
{
  event = "msg_showmode",
  kind = { { 221, "recording @q", 11 } }
}
{
  event = "msg_showmode",
  kind = { { 221, "recording @q", 11 } }
}
{
  event = "msg_showmode",
  kind = { { 221, "recording @q", 11 } }
}
{
  event = "msg_showmode",
  kind = { { 221, "recording @q", 11 } }
}
{
  event = "msg_showmode",
  kind = { { 221, "recording @q", 11 } }
}
{
  event = "msg_showmode",
  kind = { { 221, "recording @q", 11 } }
}
{
  event = "msg_showmode",
  kind = { { 221, "recording @q", 11 } }
}
{
  event = "msg_showmode",
  kind = { { 221, "recording @q", 11 } }
}
{
  event = "msg_showmode",
  kind = { { 221, "recording @q", 11 } }
}
{
  event = "msg_showmode",
  kind = { { 221, "recording @q", 11 } }
}
{
  event = "msg_showmode",
  kind = { { 221, "recording @q", 11 } }
}
{
  event = "msg_showmode",
  kind = { { 221, "recording @q", 11 } }
}
{
  event = "msg_showmode",
  kind = { { 221, "recording @q", 11 } }
}
{
  event = "msg_showmode",
  kind = { { 221, "recording @q", 11 } }
}
{
  event = "msg_showmode",
  kind = { { 221, "recording @q", 11 } }
}
{
  event = "msg_showmode",
  kind = { { 221, "recording @q", 11 } }
}
{
  event = "msg_showmode",
  kind = { { 221, "recording @q", 11 } }
}
{
  event = "msg_showmode",
  kind = { { 221, "recording @q", 11 } }
}
{
  event = "msg_showmode",
  kind = { { 221, "recording @q", 11 } }
}
{
  event = "msg_showmode",
  kind = { { 221, "recording @q", 11 } }
}
{
  event = "msg_showmode",
  kind = { { 221, "recording @q", 11 } }
}
{
  event = "msg_showmode",
  kind = { { 221, "recording @q", 11 } }
}
{
  event = "msg_showmode",
  kind = { { 221, "recording @q", 11 } }
}
{
  event = "msg_showmode",
  kind = { { 221, "recording @q", 11 } }
}
{
  event = "msg_showmode",
  kind = { { 221, "recording @q", 11 } }
}
{
  event = "msg_showmode",
  kind = { { 221, "recording @q", 11 } }
}
{
  event = "msg_showmode",
  kind = { { 221, "recording @q", 11 } }
}
{
  event = "msg_showmode",
  kind = { { 221, "recording @q", 11 } }
}
{
  event = "msg_showmode",
  kind = { { 221, "recording @q", 11 } }
}
{
  event = "msg_showmode",
  kind = { { 221, "recording @q", 11 } }
}
{
  event = "msg_showmode",
  kind = { { 221, "recording @q", 11 } }
}
{
  event = "msg_showmode",
  kind = { { 221, "recording @q", 11 } }
}
{
  event = "msg_showmode",
  kind = { { 221, "recording @q", 11 } }
}
{
  event = "msg_showmode",
  kind = { { 221, "recording @q", 11 } }
}
{
  event = "msg_showmode",
  kind = { { 221, "recording @q", 11 } }
}
{
  event = "msg_showmode",
  kind = { { 221, "recording @q", 11 } }
}
{
  event = "msg_showmode",
  kind = { { 221, "recording @q", 11 } }
}
{
  event = "msg_showmode",
  kind = { { 221, "recording @q", 11 } }
}
{
  event = "msg_showmode",
  kind = { { 221, "recording @q", 11 } }
}
{
  event = "msg_showmode",
  kind = { { 221, "recording @q", 11 } }
}
{
  event = "msg_showmode",
  kind = { { 221, "recording @q", 11 } }
}
{
  event = "msg_showmode",
  kind = { { 221, "recording @q", 11 } }
}
{
  event = "msg_showmode",
  kind = { { 221, "recording @q", 11 } }
}
{
  event = "msg_showmode",
  kind = { { 221, "recording @q", 11 } }
}
{
  event = "msg_showmode",
  kind = { { 221, "recording @q", 11 } }
}
{
  event = "msg_showmode",
  kind = { { 221, "recording @q", 11 } }
}
{
  event = "msg_showmode",
  kind = { { 221, "recording @q", 11 } }
}
{
  event = "msg_showmode",
  kind = { { 221, "recording @q", 11 } }
}
{
  event = "msg_showmode",
  kind = { { 221, "recording @q", 11 } }
}
{
  event = "msg_showmode",
  kind = { { 221, "recording @q", 11 } }
}
{
  event = "msg_showmode",
  kind = { { 221, "recording @q", 11 } }
}
{
  event = "msg_showmode",
  kind = { { 221, "recording @q", 11 } }
}
{
  event = "msg_showmode",
  kind = { { 221, "recording @q", 11 } }
}
{
  event = "msg_showmode",
  kind = { { 221, "recording @q", 11 } }
}
{
  event = "msg_showmode",
  kind = { { 221, "recording @q", 11 } }
}
{
  event = "msg_showmode",
  kind = { { 221, "recording @q", 11 } }
}
{
  event = "msg_showmode",
  kind = { { 221, "recording @q", 11 } }
}
{
  event = "msg_showmode",
  kind = { { 221, "recording @q", 11 } }
}
{
  event = "msg_showmode",
  kind = { { 221, "recording @q", 11 } }
}
{
  event = "msg_showmode",
  kind = { { 221, "recording @q", 11 } }
}
{
  event = "msg_showmode",
  kind = { { 221, "recording @q", 11 } }
}
{
  event = "msg_showmode",
  kind = { { 221, "recording @q", 11 } }
}
{
  event = "msg_showmode",
  kind = { { 221, "recording @q", 11 } }
}
{
  event = "msg_showmode",
  kind = { { 221, "recording @q", 11 } }
}
{
  event = "msg_showmode",
  kind = { { 221, "recording @q", 11 } }
}
{
  event = "msg_showmode",
  kind = { { 221, "recording @q", 11 } }
}
{
  event = "msg_showmode",
  kind = { { 221, "recording @q", 11 } }
}
{
  event = "msg_showmode",
  kind = { { 221, "recording @q", 11 } }
}
{
  event = "msg_showmode",
  kind = { { 221, "recording @q", 11 } }
}
{
  event = "msg_showmode",
  kind = { { 221, "recording @q", 11 } }
}
{
  event = "msg_showmode",
  kind = { { 221, "recording @q", 11 } }
}
{
  event = "msg_showmode",
  kind = { { 221, "recording @q", 11 } }
}
{
  event = "msg_showmode",
  kind = { { 221, "recording @q", 11 } }
}
{
  event = "msg_showmode",
  kind = { { 221, "recording @q", 11 } }
}
{
  event = "msg_showmode",
  kind = { { 221, "recording @q", 11 } }
}
{
  event = "msg_showmode",
  kind = { { 221, "recording @q", 11 } }
}
{
  event = "msg_showmode",
  kind = { { 221, "recording @q", 11 } }
}
{
  event = "msg_showmode",
  kind = { { 221, "recording @q", 11 } }
}
{
  event = "msg_showmode",
  kind = { { 221, "recording @q", 11 } }
}
{
  event = "msg_showmode",
  kind = { { 221, "recording @q", 11 } }
}
{
  event = "msg_showmode",
  kind = { { 221, "recording @q", 11 } }
}
{
  event = "msg_showmode",
  kind = { { 221, "recording @q", 11 } }
}
{
  event = "msg_showmode",
  kind = { { 221, "recording @q", 11 } }
}
{
  event = "msg_showmode",
  kind = { { 221, "recording @q", 11 } }
}
{
  event = "msg_showmode",
  kind = { { 221, "recording @q", 11 } }
}
{
  event = "msg_showmode",
  kind = { { 221, "recording @q", 11 } }
}
{
  event = "msg_showmode",
  kind = { { 221, "recording @q", 11 } }
}
{
  event = "msg_showmode",
  kind = { { 221, "recording @q", 11 } }
}
{
  event = "msg_showmode",
  kind = { { 221, "recording @q", 11 } }
}
{
  event = "msg_showmode",
  kind = { { 221, "recording @q", 11 } }
}
{
  event = "msg_showmode",
  kind = { { 221, "recording @q", 11 } }
}
{
  event = "msg_showmode",
  kind = { { 221, "recording @q", 11 } }
}
{
  event = "msg_showmode",
  kind = { { 221, "recording @q", 11 } }
}
{
  event = "msg_showmode",
  kind = { { 221, "recording @q", 11 } }
}
{
  event = "msg_showmode",
  kind = { { 221, "recording @q", 11 } }
}
{
  event = "msg_showmode",
  kind = { { 221, "recording @q", 11 } }
}
{
  event = "msg_showmode",
  kind = { { 221, "recording @q", 11 } }
}
{
  event = "msg_showmode",
  kind = { { 221, "recording @q", 11 } }
}
{
  event = "msg_showmode",
  kind = { { 221, "recording @q", 11 } }
}
{
  event = "msg_showmode",
  kind = { { 221, "recording @q", 11 } }
}
{
  event = "msg_showmode",
  kind = { { 221, "recording @q", 11 } }
}
{
  event = "msg_showmode",
  kind = { { 221, "recording @q", 11 } }
}
{
  event = "msg_showmode",
  kind = { { 221, "recording @q", 11 } }
}
{
  event = "msg_showmode",
  kind = { { 221, "recording @q", 11 } }
}
{
  event = "msg_showmode",
  kind = { { 221, "recording @q", 11 } }
}
{
  event = "msg_showmode",
  kind = { { 221, "recording @q", 11 } }
}
{
  event = "msg_showmode",
  kind = { { 221, "recording @q", 11 } }
}
{
  event = "msg_showmode",
  kind = { { 221, "recording @q", 11 } }
}
{
  event = "msg_showmode",
  kind = { { 221, "recording @q", 11 } }
}
{
  event = "msg_showmode",
  kind = { { 221, "recording @q", 11 } }
}
{
  event = "msg_showmode",
  kind = { { 221, "recording @q", 11 } }
}
{
  event = "msg_showmode",
  kind = { { 221, "recording @q", 11 } }
}
{
  event = "msg_showmode",
  kind = { { 221, "recording @q", 11 } }
}
{
  event = "msg_showmode",
  kind = { { 221, "recording @q", 11 } }
}
{
  event = "msg_showmode",
  kind = { { 221, "recording @q", 11 } }
}
{
  event = "msg_showmode",
  kind = { { 221, "recording @q", 11 } }
}
{
  event = "msg_showmode",
  kind = { { 221, "recording @q", 11 } }
}
{
  event = "msg_showmode",
  kind = { { 221, "recording @q", 11 } }
}
{
  event = "msg_showmode",
  kind = { { 221, "recording @q", 11 } }
}
{
  event = "msg_showmode",
  kind = { { 221, "recording @q", 11 } }
}
{
  event = "msg_showmode",
  kind = { { 221, "recording @q", 11 } }
}
{
  event = "msg_showmode",
  kind = { { 221, "recording @q", 11 } }
}
{
  event = "msg_showmode",
  kind = { { 221, "recording @q", 11 } }
}
{
  event = "msg_showmode",
  kind = { { 221, "recording @q", 11 } }
}
{
  event = "msg_showmode",
  kind = { { 221, "recording @q", 11 } }
}
{
  event = "msg_showmode",
  kind = { { 221, "recording @q", 11 } }
}
{
  event = "msg_showmode",
  kind = { { 221, "recording @q", 11 } }
}
{
  event = "msg_showmode",
  kind = { { 221, "recording @q", 11 } }
}
{
  event = "msg_showmode",
  kind = { { 221, "recording @q", 11 } }
}
{
  event = "msg_showmode",
  kind = { { 221, "recording @q", 11 } }
}
{
  event = "msg_showmode",
  kind = { { 221, "recording @q", 11 } }
}
{
  event = "msg_showmode",
  kind = { { 221, "recording @q", 11 } }
}
{
  event = "msg_showmode",
  kind = { { 221, "recording @q", 11 } }
}
{
  event = "msg_showmode",
  kind = { { 221, "recording @q", 11 } }
}
{
  event = "msg_showmode",
  kind = { { 221, "recording @q", 11 } }
}
{
  event = "msg_showmode",
  kind = { { 221, "recording @q", 11 } }
}
{
  event = "msg_showmode",
  kind = { { 221, "recording @q", 11 } }
}
{
  event = "msg_showmode",
  kind = { { 221, "recording @q", 11 } }
}
{
  event = "msg_showmode",
  kind = { { 221, "recording @q", 11 } }
}
{
  event = "msg_showmode",
  kind = { { 221, "recording @q", 11 } }
}
{
  event = "msg_showmode",
  kind = { { 221, "recording @q", 11 } }
}
{
  event = "msg_showmode",
  kind = { { 221, "recording @q", 11 } }
}
{
  event = "msg_showmode",
  kind = { { 221, "recording @q", 11 } }
}
{
  event = "msg_showmode",
  kind = { { 221, "recording @q", 11 } }
}
{
  event = "msg_showmode",
  kind = { { 221, "recording @q", 11 } }
}
{
  event = "msg_showmode",
  kind = { { 221, "recording @q", 11 } }
}
{
  event = "msg_showmode",
  kind = { { 221, "recording @q", 11 } }
}
{
  event = "msg_showmode",
  kind = { { 221, "recording @q", 11 } }
}
{
  event = "msg_showmode",
  kind = { { 221, "recording @q", 11 } }
}
{
  event = "msg_showmode",
  kind = { { 221, "recording @q", 11 } }
}
{
  event = "msg_showmode",
  kind = { { 221, "recording @q", 11 } }
}
{
  event = "msg_showmode",
  kind = { { 221, "recording @q", 11 } }
}
{
  event = "msg_showmode",
  kind = { { 221, "recording @q", 11 } }
}
{
  event = "msg_showmode",
  kind = { { 221, "recording @q", 11 } }
}
{
  event = "msg_showmode",
  kind = { { 221, "recording @q", 11 } }
}
{
  event = "msg_showmode",
  kind = { { 221, "recording @q", 11 } }
}
{
  event = "msg_showmode",
  kind = { { 221, "recording @q", 11 } }
}
{
  event = "msg_showmode",
  kind = { { 221, "recording @q", 11 } }
}
{
  event = "msg_showmode",
  kind = { { 221, "recording @q", 11 } }
}
{
  event = "msg_showmode",
  kind = { { 221, "recording @q", 11 } }
}
{
  event = "msg_showmode",
  kind = { { 221, "recording @q", 11 } }
}
{
  event = "msg_showmode",
  kind = { { 221, "recording @q", 11 } }
}
{
  event = "msg_showmode",
  kind = { { 221, "recording @q", 11 } }
}
{
  event = "msg_showmode",
  kind = { { 221, "recording @q", 11 } }
}
{
  event = "msg_showmode",
  kind = { { 221, "recording @q", 11 } }
}
{
  event = "msg_showmode",
  kind = { { 221, "recording @q", 11 } }
}
{
  event = "msg_showmode",
  kind = { { 221, "recording @q", 11 } }
}
{
  event = "msg_showmode",
  kind = { { 221, "recording @q", 11 } }
}
{
  event = "msg_showmode",
  kind = { { 221, "recording @q", 11 } }
}
{
  event = "msg_showmode",
  kind = { { 221, "recording @q", 11 } }
}
{
  event = "msg_showmode",
  kind = { { 221, "recording @q", 11 } }
}
{
  event = "msg_showmode",
  kind = { { 221, "recording @q", 11 } }
}
{
  event = "msg_showmode",
  kind = { { 221, "recording @q", 11 } }
}
{
  event = "msg_showmode",
  kind = { { 221, "recording @q", 11 } }
}
{
  event = "msg_showmode",
  kind = { { 221, "recording @q", 11 } }
}
{
  event = "msg_showmode",
  kind = { { 221, "recording @q", 11 } }
}
{
  event = "msg_showmode",
  kind = { { 221, "recording @q", 11 } }
}
{
  event = "msg_showmode",
  kind = { { 221, "recording @q", 11 } }
}
{
  event = "msg_showmode",
  kind = { { 221, "recording @q", 11 } }
}
{
  event = "msg_showmode",
  kind = { { 221, "recording @q", 11 } }
}
{
  event = "msg_showmode",
  kind = { { 221, "recording @q", 11 } }
}
{
  event = "msg_showmode",
  kind = { { 221, "recording @q", 11 } }
}
{
  event = "msg_showmode",
  kind = { { 221, "recording @q", 11 } }
}
{
  event = "msg_showmode",
  kind = { { 221, "recording @q", 11 } }
}
{
  event = "msg_showmode",
  kind = { { 221, "recording @q", 11 } }
}
{
  event = "msg_showmode",
  kind = { { 221, "recording @q", 11 } }
}
{
  event = "msg_showmode",
  kind = { { 221, "recording @q", 11 } }
}
{
  event = "msg_showmode",
  kind = { { 221, "recording @q", 11 } }
}
{
  event = "msg_showmode",
  kind = { { 221, "recording @q", 11 } }
}
{
  event = "msg_showmode",
  kind = { { 221, "recording @q", 11 } }
}
{
  event = "msg_showmode",
  kind = { { 221, "recording @q", 11 } }
}
{
  event = "msg_showmode",
  kind = { { 221, "recording @q", 11 } }
}
{
  event = "msg_showmode",
  kind = { { 221, "recording @q", 11 } }
}
{
  event = "msg_showmode",
  kind = { { 221, "recording @q", 11 } }
}
{
  event = "msg_showmode",
  kind = { { 221, "recording @q", 11 } }
}
{
  event = "msg_showmode",
  kind = { { 221, "recording @q", 11 } }
}
{
  event = "msg_showmode",
  kind = { { 221, "recording @q", 11 } }
}
{
  event = "msg_showmode",
  kind = { { 221, "recording @q", 11 } }
}
{
  event = "msg_showmode",
  kind = { { 221, "recording @q", 11 } }
}
{
  event = "msg_showmode",
  kind = { { 221, "recording @q", 11 } }
}
{
  event = "msg_showmode",
  kind = { { 221, "recording @q", 11 } }
}
{
  event = "msg_showmode",
  kind = { { 221, "recording @q", 11 } }
}
{
  event = "msg_showmode",
  kind = { { 221, "recording @q", 11 } }
}
{
  event = "msg_showmode",
  kind = { { 221, "recording @q", 11 } }
}
{
  event = "msg_showmode",
  kind = { { 221, "recording @q", 11 } }
}
{
  event = "msg_showmode",
  kind = { { 221, "recording @q", 11 } }
}
{
  event = "msg_showmode",
  kind = { { 221, "recording @q", 11 } }
}
{
  event = "msg_showmode",
  kind = { { 221, "recording @q", 11 } }
}
{
  event = "msg_showmode",
  kind = { { 221, "recording @q", 11 } }
}
{
  event = "msg_showmode",
  kind = { { 221, "recording @q", 11 } }
}
{
  event = "msg_showmode",
  kind = { { 221, "recording @q", 11 } }
}
{
  event = "msg_showmode",
  kind = { { 221, "recording @q", 11 } }
}
{
  event = "msg_showmode",
  kind = { { 221, "recording @q", 11 } }
}
{
  event = "msg_showmode",
  kind = { { 221, "recording @q", 11 } }
}
{
  event = "msg_showmode",
  kind = { { 221, "recording @q", 11 } }
}
{
  event = "msg_showmode",
  kind = { { 221, "recording @q", 11 } }
}
{
  event = "msg_showmode",
  kind = { { 221, "recording @q", 11 } }
}
{
  event = "msg_showmode",
  kind = { { 221, "recording @q", 11 } }
}
{
  event = "msg_showmode",
  kind = { { 221, "recording @q", 11 } }
}
{
  event = "msg_showmode",
  kind = { { 221, "recording @q", 11 } }
}
{
  event = "msg_showmode",
  kind = { { 221, "recording @q", 11 } }
}
{
  event = "msg_showmode",
  kind = { { 221, "recording @q", 11 } }
}
{
  event = "msg_showmode",
  kind = { { 221, "recording @q", 11 } }
}
{
  event = "msg_showmode",
  kind = { { 221, "recording @q", 11 } }
}
{
  event = "msg_showmode",
  kind = { { 221, "recording @q", 11 } }
}
{
  event = "msg_showmode",
  kind = { { 221, "recording @q", 11 } }
}
{
  event = "msg_showmode",
  kind = { { 221, "recording @q", 11 } }
}
{
  event = "msg_showmode",
  kind = { { 221, "recording @q", 11 } }
}
{ 0, ":", "", 0, 1, 0,
  event = "cmdline_show",
  kind = { { 0, "" } }
}
{
  event = "msg_showmode",
  kind = { { 221, "recording @q", 11 } }
}
{
  event = "msg_showmode",
  kind = { { 221, "recording @q", 11 } }
}
{
  event = "msg_showmode",
  kind = { { 221, "recording @q", 11 } }
}
{
  event = "msg_showmode",
  kind = { { 221, "recording @q", 11 } }
}
{ 1, ":", "", 0, 1, 0,
  event = "cmdline_show",
  kind = { { 0, "N" } }
}
{
  event = "msg_showmode",
  kind = { { 221, "recording @q", 11 } }
}
{ 2, ":", "", 0, 1, 0,
  event = "cmdline_show",
  kind = { { 0, "No" } }
}
{
  event = "msg_showmode",
  kind = { { 221, "recording @q", 11 } }
}
{ 3, ":", "", 0, 1, 0,
  event = "cmdline_show",
  kind = { { 0, "Noi" } }
}
{
  event = "msg_showmode",
  kind = { { 221, "recording @q", 11 } }
}
{ 4, ":", "", 0, 1, 0,
  event = "cmdline_show",
  kind = { { 0, "Noic" } }
}
{
  event = "msg_showmode",
  kind = { { 221, "recording @q", 11 } }
}
{ 5, ":", "", 0, 1, 0,
  event = "cmdline_show",
  kind = { { 0, "Noice" } }
}
{
  event = "msg_showmode",
  kind = { { 221, "recording @q", 11 } }
}
{ 6, ":", "", 0, 1, 0,
  event = "cmdline_show",
  kind = { { 0, "Noice " } }
}
{
  event = "msg_showmode",
  kind = { { 221, "recording @q", 11 } }
}
{ 7, ":", "", 0, 1, 0,
  event = "cmdline_show",
  kind = { { 0, "Noice l" } }
}
{
  event = "msg_showmode",
  kind = { { 221, "recording @q", 11 } }
}
{ 8, ":", "", 0, 1, 0,
  event = "cmdline_show",
  kind = { { 0, "Noice la" } }
}
{
  event = "msg_showmode",
  kind = { { 221, "recording @q", 11 } }
}
{ 9, ":", "", 0, 1, 0,
  event = "cmdline_show",
  kind = { { 0, "Noice las" } }
}
{
  event = "msg_showmode",
  kind = { { 221, "recording @q", 11 } }
}
{ 10, ":", "", 0, 1, 0,
  event = "cmdline_show",
  kind = { { 0, "Noice last" } }
}
{
  event = "msg_showmode",
  kind = { { 221, "recording @q", 11 } }
}
{ false,
  event = "cmdline_hide",
  kind = 1
}
{ 0, ":", "", 0, 1, 0,
  event = "cmdline_show",
  kind = { { 0, "" } }
}
{
  event = "msg_showmode",
  kind = { { 221, "recording @q", 11 } }
}
{
  event = "msg_showmode",
  kind = { { 221, "recording @q", 11 } }
}
{
  event = "msg_showmode",
  kind = { { 221, "recording @q", 11 } }
}
{
  event = "msg_showmode",
  kind = { { 221, "recording @q", 11 } }
}
{ 1, ":", "", 0, 1, 0,
  event = "cmdline_show",
  kind = { { 0, "N" } }
}
{
  event = "msg_showmode",
  kind = { { 221, "recording @q", 11 } }
}
{ 2, ":", "", 0, 1, 0,
  event = "cmdline_show",
  kind = { { 0, "No" } }
}
{
  event = "msg_showmode",
  kind = { { 221, "recording @q", 11 } }
}
{ 3, ":", "", 0, 1, 0,
  event = "cmdline_show",
  kind = { { 0, "Noi" } }
}
{
  event = "msg_showmode",
  kind = { { 221, "recording @q", 11 } }
}
{ 4, ":", "", 0, 1, 0,
  event = "cmdline_show",
  kind = { { 0, "Noie" } }
}
{
  event = "msg_showmode",
  kind = { { 221, "recording @q", 11 } }
}
{ 3, ":", "", 0, 1, 0,
  event = "cmdline_show",
  kind = { { 0, "Noi" } }
}
{
  event = "msg_showmode",
  kind = { { 221, "recording @q", 11 } }
}
{ 4, ":", "", 0, 1, 0,
  event = "cmdline_show",
  kind = { { 0, "Noic" } }
}
{
  event = "msg_showmode",
  kind = { { 221, "recording @q", 11 } }
}
{ 5, ":", "", 0, 1, 0,
  event = "cmdline_show",
  kind = { { 0, "Noice" } }
}
{
  event = "msg_showmode",
  kind = { { 221, "recording @q", 11 } }
}
{ 6, ":", "", 0, 1, 0,
  event = "cmdline_show",
  kind = { { 0, "Noice " } }
}
{
  event = "msg_showmode",
  kind = { { 221, "recording @q", 11 } }
}
{ 7, ":", "", 0, 1, 0,
  event = "cmdline_show",
  kind = { { 0, "Noice e" } }
}
{
  event = "msg_showmode",
  kind = { { 221, "recording @q", 11 } }
}
{ 8, ":", "", 0, 1, 0,
  event = "cmdline_show",
  kind = { { 0, "Noice er" } }
}
{
  event = "msg_showmode",
  kind = { { 221, "recording @q", 11 } }
}
{ 9, ":", "", 0, 1, 0,
  event = "cmdline_show",
  kind = { { 0, "Noice err" } }
}
{
  event = "msg_showmode",
  kind = { { 221, "recording @q", 11 } }
}
{ 10, ":", "", 0, 1, 0,
  event = "cmdline_show",
  kind = { { 0, "Noice erro" } }
}
{
  event = "msg_showmode",
  kind = { { 221, "recording @q", 11 } }
}
{ 11, ":", "", 0, 1, 0,
  event = "cmdline_show",
  kind = { { 0, "Noice error" } }
}
{
  event = "msg_showmode",
  kind = { { 221, "recording @q", 11 } }
}
{ 12, ":", "", 0, 1, 0,
  event = "cmdline_show",
  kind = { { 0, "Noice errors" } }
}
{
  event = "msg_showmode",
  kind = { { 221, "recording @q", 11 } }
}
{ false,
  event = "cmdline_hide",
  kind = 1
}
{ 0, ":", "", 0, 1, 0,
  event = "cmdline_show",
  kind = { { 0, "" } }
}
{
  event = "msg_showmode",
  kind = { { 221, "recording @q", 11 } }
}
{
  event = "msg_showmode",
  kind = { { 221, "recording @q", 11 } }
}
{
  event = "msg_showmode",
  kind = { { 221, "recording @q", 11 } }
}
{
  event = "msg_showmode",
  kind = { { 221, "recording @q", 11 } }
}
{ 1, ":", "", 0, 1, 0,
  event = "cmdline_show",
  kind = { { 0, "N" } }
}
{
  event = "msg_showmode",
  kind = { { 221, "recording @q", 11 } }
}
{ 2, ":", "", 0, 1, 0,
  event = "cmdline_show",
  kind = { { 0, "No" } }
}
{
  event = "msg_showmode",
  kind = { { 221, "recording @q", 11 } }
}
{ 3, ":", "", 0, 1, 0,
  event = "cmdline_show",
  kind = { { 0, "Noi" } }
}
{
  event = "msg_showmode",
  kind = { { 221, "recording @q", 11 } }
}
{ 4, ":", "", 0, 1, 0,
  event = "cmdline_show",
  kind = { { 0, "Noic" } }
}
{
  event = "msg_showmode",
  kind = { { 221, "recording @q", 11 } }
}
{ 5, ":", "", 0, 1, 0,
  event = "cmdline_show",
  kind = { { 0, "Noice" } }
}
{
  event = "msg_showmode",
  kind = { { 221, "recording @q", 11 } }
}
{ 6, ":", "", 0, 1, 0,
  event = "cmdline_show",
  kind = { { 0, "Noice " } }
}
{
  event = "msg_showmode",
  kind = { { 221, "recording @q", 11 } }
}
{ 7, ":", "", 0, 1, 0,
  event = "cmdline_show",
  kind = { { 0, "Noice s" } }
}
{
  event = "msg_showmode",
  kind = { { 221, "recording @q", 11 } }
}
{ 8, ":", "", 0, 1, 0,
  event = "cmdline_show",
  kind = { { 0, "Noice st" } }
}
{
  event = "msg_showmode",
  kind = { { 221, "recording @q", 11 } }
}
{ 9, ":", "", 0, 1, 0,
  event = "cmdline_show",
  kind = { { 0, "Noice sta" } }
}
{
  event = "msg_showmode",
  kind = { { 221, "recording @q", 11 } }
}
{ 10, ":", "", 0, 1, 0,
  event = "cmdline_show",
  kind = { { 0, "Noice stat" } }
}
{
  event = "msg_showmode",
  kind = { { 221, "recording @q", 11 } }
}
{ 11, ":", "", 0, 1, 0,
  event = "cmdline_show",
  kind = { { 0, "Noice stats" } }
}
{
  event = "msg_showmode",
  kind = { { 221, "recording @q", 11 } }
}
{ false,
  event = "cmdline_hide",
  kind = 1
}
{
  event = "msg_showmode",
  kind = { { 221, "recording @q", 11 } }
}
{
  event = "msg_showmode",
  kind = { { 221, "recording @q", 11 } }
}
{
  event = "msg_showmode",
  kind = { { 221, "recording @q", 11 } }
}
{
  event = "msg_showmode",
  kind = { { 221, "recording @q", 11 } }
}
{
  event = "msg_showmode",
  kind = { { 221, "recording @q", 11 } }
}
{
  event = "msg_showmode",
  kind = { { 221, "recording @q", 11 } }
}
{
  event = "msg_showmode",
  kind = { { 221, "recording @q", 11 } }
}
{
  event = "msg_showmode",
  kind = { { 221, "recording @q", 11 } }
}
{
  event = "msg_showmode",
  kind = { { 221, "recording @q", 11 } }
}
{
  event = "msg_showmode",
  kind = { { 221, "recording @q", 11 } }
}
{
  event = "msg_showmode",
  kind = { { 221, "recording @q", 11 } }
}
{
  event = "msg_showmode",
  kind = { { 221, "recording @q", 11 } }
}
{
  event = "msg_showmode",
  kind = { { 221, "recording @q", 11 } }
}
{
  event = "msg_showmode",
  kind = { { 221, "recording @q", 11 } }
}
{
  event = "msg_showmode",
  kind = { { 221, "recording @q", 11 } }
}
{
  event = "msg_showmode",
  kind = { { 221, "recording @q", 11 } }
}
{
  event = "msg_showmode",
  kind = { { 221, "recording @q", 11 } }
}
{
  event = "msg_showmode",
  kind = { { 221, "recording @q", 11 } }
}
{
  event = "msg_showmode",
  kind = { { 221, "recording @q", 11 } }
}
{
  event = "msg_showmode",
  kind = { { 221, "recording @q", 11 } }
}
{
  event = "msg_showmode",
  kind = { { 221, "recording @q", 11 } }
}
{
  event = "msg_showmode",
  kind = { { 221, "recording @q", 11 } }
}
{
  event = "msg_showmode",
  kind = { { 221, "recording @q", 11 } }
}
{
  event = "msg_showmode",
  kind = { { 221, "recording @q", 11 } }
}
{
  event = "msg_showmode",
  kind = { { 221, "recording @q", 11 } }
}
{
  event = "msg_showmode",
  kind = { { 221, "recording @q", 11 } }
}
{
  event = "msg_showmode",
  kind = { { 221, "recording @q", 11 } }
}
{
  event = "msg_showmode",
  kind = { { 221, "recording @q", 11 } }
}
{
  event = "msg_showmode",
  kind = { { 221, "recording @q", 11 } }
}
{
  event = "msg_showmode",
  kind = { { 221, "recording @q", 11 } }
}
{
  event = "msg_showmode",
  kind = { { 221, "recording @q", 11 } }
}
{
  event = "msg_showmode",
  kind = { { 221, "recording @q", 11 } }
}
{
  event = "msg_showmode",
  kind = { { 221, "recording @q", 11 } }
}
{
  event = "msg_showmode",
  kind = { { 221, "recording @q", 11 } }
}
{
  event = "msg_showmode",
  kind = { { 221, "recording @q", 11 } }
}
{
  event = "msg_showmode",
  kind = { { 221, "recording @q", 11 } }
}
{
  event = "msg_showmode",
  kind = { { 221, "recording @q", 11 } }
}
{
  event = "msg_showmode",
  kind = { { 221, "recording @q", 11 } }
}
{
  event = "msg_showmode",
  kind = { { 221, "recording @q", 11 } }
}
{
  event = "msg_showmode",
  kind = { { 221, "recording @q", 11 } }
}
{
  event = "msg_showmode",
  kind = { { 221, "recording @q", 11 } }
}
{
  event = "msg_showmode",
  kind = { { 221, "recording @q", 11 } }
}
{
  event = "msg_showmode",
  kind = { { 221, "recording @q", 11 } }
}
{
  event = "msg_showmode",
  kind = { { 221, "recording @q", 11 } }
}
{
  event = "msg_showmode",
  kind = { { 221, "recording @q", 11 } }
}
{
  event = "msg_showmode",
  kind = { { 221, "recording @q", 11 } }
}
{
  event = "msg_showmode",
  kind = { { 221, "recording @q", 11 } }
}
{
  event = "msg_showmode",
  kind = { { 221, "recording @q", 11 } }
}
{
  event = "msg_showmode",
  kind = { { 221, "recording @q", 11 } }
}
{
  event = "msg_showmode",
  kind = { { 221, "recording @q", 11 } }
}
{
  event = "msg_showmode",
  kind = { { 221, "recording @q", 11 } }
}
{
  event = "msg_showmode",
  kind = { { 221, "recording @q", 11 } }
}
{
  event = "msg_showmode",
  kind = { { 221, "recording @q", 11 } }
}
{
  event = "msg_showmode",
  kind = { { 221, "recording @q", 11 } }
}
{
  event = "msg_showmode",
  kind = { { 221, "recording @q", 11 } }
}
{
  event = "msg_showmode",
  kind = { { 221, "recording @q", 11 } }
}
{
  event = "msg_showmode",
  kind = { { 221, "recording @q", 11 } }
}
{
  event = "msg_showmode",
  kind = { { 221, "recording @q", 11 } }
}
{
  event = "msg_showmode",
  kind = { { 221, "recording @q", 11 } }
}
{
  event = "msg_showmode",
  kind = { { 221, "recording @q", 11 } }
}
{
  event = "msg_showmode",
  kind = { { 221, "recording @q", 11 } }
}
{
  event = "msg_showmode",
  kind = { { 221, "recording @q", 11 } }
}
{
  event = "msg_showmode",
  kind = { { 221, "recording @q", 11 } }
}
{
  event = "msg_showmode",
  kind = { { 221, "recording @q", 11 } }
}
{
  event = "msg_showmode",
  kind = { { 221, "recording @q", 11 } }
}
{
  event = "msg_showmode",
  kind = { { 221, "recording @q", 11 } }
}
{
  event = "msg_showmode",
  kind = { { 221, "recording @q", 11 } }
}
{
  event = "msg_showmode",
  kind = { { 221, "recording @q", 11 } }
}
{
  event = "msg_showmode",
  kind = { { 221, "recording @q", 11 } }
}
{
  event = "msg_showmode",
  kind = { { 221, "recording @q", 11 } }
}
{
  event = "msg_showmode",
  kind = { { 221, "recording @q", 11 } }
}
{
  event = "msg_showmode",
  kind = { { 221, "recording @q", 11 } }
}
{
  event = "msg_showmode",
  kind = { { 221, "recording @q", 11 } }
}
{
  event = "msg_showmode",
  kind = { { 221, "recording @q", 11 } }
}
{
  event = "msg_showmode",
  kind = { { 221, "recording @q", 11 } }
}
{
  event = "msg_showmode",
  kind = { { 221, "recording @q", 11 } }
}
{
  event = "msg_showmode",
  kind = { { 221, "recording @q", 11 } }
}
{
  event = "msg_showmode",
  kind = { { 221, "recording @q", 11 } }
}
{
  event = "msg_showmode",
  kind = { { 221, "recording @q", 11 } }
}
{
  event = "msg_showmode",
  kind = { { 221, "recording @q", 11 } }
}
{
  event = "msg_showmode",
  kind = { { 221, "recording @q", 11 } }
}
{
  event = "msg_showmode",
  kind = { { 221, "recording @q", 11 } }
}
{
  event = "msg_showmode",
  kind = { { 221, "recording @q", 11 } }
}
{
  event = "msg_showmode",
  kind = { { 221, "recording @q", 11 } }
}
{
  event = "msg_showmode",
  kind = { { 221, "recording @q", 11 } }
}
{
  event = "msg_showmode",
  kind = { { 221, "recording @q", 11 } }
}
{
  event = "msg_showmode",
  kind = { { 221, "recording @q", 11 } }
}
{
  event = "msg_showmode",
  kind = { { 221, "recording @q", 11 } }
}
{
  event = "msg_showmode",
  kind = { { 221, "recording @q", 11 } }
}
{
  event = "msg_showmode",
  kind = { { 221, "recording @q", 11 } }
}
{
  event = "msg_showmode",
  kind = { { 221, "recording @q", 11 } }
}
{
  event = "msg_showmode",
  kind = { { 221, "recording @q", 11 } }
}
{
  event = "msg_showmode",
  kind = { { 221, "recording @q", 11 } }
}
{
  event = "msg_showmode",
  kind = { { 221, "recording @q", 11 } }
}
{
  event = "msg_showmode",
  kind = { { 221, "recording @q", 11 } }
}
{
  event = "msg_showmode",
  kind = { { 221, "recording @q", 11 } }
}
{
  event = "msg_showmode",
  kind = { { 221, "recording @q", 11 } }
}
{
  event = "msg_showmode",
  kind = { { 221, "recording @q", 11 } }
}
{
  event = "msg_showmode",
  kind = { { 221, "recording @q", 11 } }
}
{
  event = "msg_showmode",
  kind = { { 221, "recording @q", 11 } }
}
{
  event = "msg_showmode",
  kind = { { 221, "recording @q", 11 } }
}
{
  event = "msg_showmode",
  kind = { { 221, "recording @q", 11 } }
}
{
  event = "msg_showmode",
  kind = { { 221, "recording @q", 11 } }
}
{
  event = "msg_showmode",
  kind = { { 221, "recording @q", 11 } }
}
{
  event = "msg_showmode",
  kind = { { 221, "recording @q", 11 } }
}
{
  event = "msg_showmode",
  kind = { { 221, "recording @q", 11 } }
}
{
  event = "msg_showmode",
  kind = { { 221, "recording @q", 11 } }
}
{
  event = "msg_showmode",
  kind = { { 221, "recording @q", 11 } }
}
{
  event = "msg_showmode",
  kind = { { 221, "recording @q", 11 } }
}
{
  event = "msg_showmode",
  kind = { { 221, "recording @q", 11 } }
}
{
  event = "msg_showmode",
  kind = { { 221, "recording @q", 11 } }
}
{
  event = "msg_showmode",
  kind = { { 221, "recording @q", 11 } }
}
{
  event = "msg_showmode",
  kind = { { 221, "recording @q", 11 } }
}
{
  event = "msg_showmode",
  kind = { { 221, "recording @q", 11 } }
}
{
  event = "msg_showmode",
  kind = { { 221, "recording @q", 11 } }
}
{
  event = "msg_showmode",
  kind = { { 221, "recording @q", 11 } }
}
{
  event = "msg_showmode",
  kind = { { 221, "recording @q", 11 } }
}
{
  event = "msg_showmode",
  kind = { { 221, "recording @q", 11 } }
}
{
  event = "msg_showmode",
  kind = { { 221, "recording @q", 11 } }
}
{
  event = "msg_showmode",
  kind = { { 221, "recording @q", 11 } }
}
{
  event = "msg_showmode",
  kind = { { 221, "recording @q", 11 } }
}
{
  event = "msg_showmode",
  kind = { { 221, "recording @q", 11 } }
}
{
  event = "msg_showmode",
  kind = { { 221, "recording @q", 11 } }
}
{
  event = "msg_showmode",
  kind = { { 221, "recording @q", 11 } }
}
{
  event = "msg_showmode",
  kind = { { 221, "recording @q", 11 } }
}
{
  event = "msg_showmode",
  kind = { { 221, "recording @q", 11 } }
}
{
  event = "msg_showmode",
  kind = { { 221, "recording @q", 11 } }
}
{
  event = "msg_showmode",
  kind = { { 221, "recording @q", 11 } }
}
{
  event = "msg_showmode",
  kind = { { 221, "recording @q", 11 } }
}
{
  event = "msg_showmode",
  kind = { { 221, "recording @q", 11 } }
}
{
  event = "msg_showmode",
  kind = { { 221, "recording @q", 11 } }
}
{
  event = "msg_showmode",
  kind = { { 221, "recording @q", 11 } }
}
{
  event = "msg_showmode",
  kind = { { 221, "recording @q", 11 } }
}
{
  event = "msg_showmode",
  kind = { { 221, "recording @q", 11 } }
}
{
  event = "msg_showmode",
  kind = { { 221, "recording @q", 11 } }
}
{
  event = "msg_showmode",
  kind = { { 221, "recording @q", 11 } }
}
{
  event = "msg_showmode",
  kind = { { 221, "recording @q", 11 } }
}
{
  event = "msg_showmode",
  kind = { { 221, "recording @q", 11 } }
}
{
  event = "msg_showmode",
  kind = { { 221, "recording @q", 11 } }
}
{
  event = "msg_showmode",
  kind = { { 221, "recording @q", 11 } }
}
{
  event = "msg_showmode",
  kind = { { 221, "recording @q", 11 } }
}
{
  event = "msg_showmode",
  kind = { { 221, "recording @q", 11 } }
}
{
  event = "msg_showmode",
  kind = { { 221, "recording @q", 11 } }
}
{
  event = "msg_showmode",
  kind = { { 221, "recording @q", 11 } }
}
{
  event = "msg_showmode",
  kind = { { 221, "recording @q", 11 } }
}
{
  event = "msg_showmode",
  kind = { { 221, "recording @q", 11 } }
}
{
  event = "msg_showmode",
  kind = { { 221, "recording @q", 11 } }
}
{
  event = "msg_showmode",
  kind = { { 221, "recording @q", 11 } }
}
{
  event = "msg_showmode",
  kind = { { 221, "recording @q", 11 } }
}
{
  event = "msg_showmode",
  kind = { { 221, "recording @q", 11 } }
}
{
  event = "msg_showmode",
  kind = { { 221, "recording @q", 11 } }
}
{
  event = "msg_showmode",
  kind = { { 221, "recording @q", 11 } }
}
{
  event = "msg_showmode",
  kind = { { 221, "recording @q", 11 } }
}
{
  event = "msg_showmode",
  kind = { { 221, "recording @q", 11 } }
}
{
  event = "msg_showmode",
  kind = { { 221, "recording @q", 11 } }
}
{
  event = "msg_showmode",
  kind = { { 221, "recording @q", 11 } }
}
{
  event = "msg_showmode",
  kind = { { 221, "recording @q", 11 } }
}
{
  event = "msg_showmode",
  kind = { { 221, "recording @q", 11 } }
}
{
  event = "msg_showmode",
  kind = { { 221, "recording @q", 11 } }
}
{
  event = "msg_showmode",
  kind = { { 221, "recording @q", 11 } }
}
{
  event = "msg_showmode",
  kind = { { 221, "recording @q", 11 } }
}
{
  event = "msg_showmode",
  kind = { { 221, "recording @q", 11 } }
}
{
  event = "msg_showmode",
  kind = { { 221, "recording @q", 11 } }
}
{
  event = "msg_showmode",
  kind = { { 221, "recording @q", 11 } }
}
{
  event = "msg_showmode",
  kind = { { 221, "recording @q", 11 } }
}
{
  event = "msg_showmode",
  kind = { { 221, "recording @q", 11 } }
}
{
  event = "msg_showmode",
  kind = { { 221, "recording @q", 11 } }
}
{
  event = "msg_showmode",
  kind = { { 221, "recording @q", 11 } }
}
{
  event = "msg_showmode",
  kind = { { 221, "recording @q", 11 } }
}
{
  event = "msg_showmode",
  kind = { { 221, "recording @q", 11 } }
}
{
  event = "msg_showmode",
  kind = { { 221, "recording @q", 11 } }
}
{
  event = "msg_showmode",
  kind = { { 221, "recording @q", 11 } }
}
{
  event = "msg_showmode",
  kind = { { 221, "recording @q", 11 } }
}
{
  event = "msg_showmode",
  kind = { { 221, "recording @q", 11 } }
}
{
  event = "msg_showmode",
  kind = { { 221, "recording @q", 11 } }
}
{
  event = "msg_showmode",
  kind = { { 221, "recording @q", 11 } }
}
{
  event = "msg_showmode",
  kind = { { 221, "recording @q", 11 } }
}
{
  event = "msg_showmode",
  kind = { { 221, "recording @q", 11 } }
}
{
  event = "msg_showmode",
  kind = { { 221, "recording @q", 11 } }
}
{
  event = "msg_showmode",
  kind = { { 221, "recording @q", 11 } }
}
{
  event = "msg_showmode",
  kind = { { 221, "recording @q", 11 } }
}
{
  event = "msg_showmode",
  kind = { { 221, "recording @q", 11 } }
}
{
  event = "msg_showmode",
  kind = { { 221, "recording @q", 11 } }
}
{
  event = "msg_showmode",
  kind = { { 221, "recording @q", 11 } }
}
{
  event = "msg_showmode",
  kind = { { 221, "recording @q", 11 } }
}
{
  event = "msg_showmode",
  kind = { { 221, "recording @q", 11 } }
}
{
  event = "msg_showmode",
  kind = { { 221, "recording @q", 11 } }
}
{
  event = "msg_showmode",
  kind = { { 221, "recording @q", 11 } }
}
{
  event = "msg_showmode",
  kind = { { 221, "recording @q", 11 } }
}
{
  event = "msg_showmode",
  kind = { { 221, "recording @q", 11 } }
}
{
  event = "msg_showmode",
  kind = { { 221, "recording @q", 11 } }
}
{
  event = "msg_showmode",
  kind = { { 221, "recording @q", 11 } }
}
{
  event = "msg_showmode",
  kind = { { 221, "recording @q", 11 } }
}
{
  event = "msg_showmode",
  kind = { { 221, "recording @q", 11 } }
}
{
  event = "msg_showmode",
  kind = { { 221, "recording @q", 11 } }
}
{
  event = "msg_showmode",
  kind = { { 221, "recording @q", 11 } }
}
{
  event = "msg_showmode",
  kind = { { 221, "recording @q", 11 } }
}
{
  event = "msg_showmode",
  kind = { { 221, "recording @q", 11 } }
}
{
  event = "msg_showmode",
  kind = { { 221, "recording @q", 11 } }
}
{
  event = "msg_showmode",
  kind = { { 221, "recording @q", 11 } }
}
{
  event = "msg_showmode",
  kind = { { 221, "recording @q", 11 } }
}
{
  event = "msg_showmode",
  kind = { { 221, "recording @q", 11 } }
}
{
  event = "msg_showmode",
  kind = { { 221, "recording @q", 11 } }
}
{
  event = "msg_showmode",
  kind = { { 221, "recording @q", 11 } }
}
{
  event = "msg_showmode",
  kind = { { 221, "recording @q", 11 } }
}
{
  event = "msg_showmode",
  kind = { { 221, "recording @q", 11 } }
}
{
  event = "msg_showmode",
  kind = { { 221, "recording @q", 11 } }
}
{
  event = "msg_showmode",
  kind = { { 221, "recording @q", 11 } }
}
{
  event = "msg_showmode",
  kind = { { 221, "recording @q", 11 } }
}
{
  event = "msg_showmode",
  kind = { { 221, "recording @q", 11 } }
}
{
  event = "msg_showmode",
  kind = { { 221, "recording @q", 11 } }
}
{
  event = "msg_showmode",
  kind = { { 221, "recording @q", 11 } }
}
{
  event = "msg_showmode",
  kind = { { 221, "recording @q", 11 } }
}
{
  event = "msg_showmode",
  kind = { { 221, "recording @q", 11 } }
}
{
  event = "msg_showmode",
  kind = { { 221, "-- INSERT --recording @q", 11 } }
}
{
  event = "msg_showmode",
  kind = { { 221, "-- INSERT --recording @q", 11 } }
}
{
  event = "msg_showmode",
  kind = { { 221, "-- INSERT --recording @q", 11 } }
}
{
  event = "msg_showmode",
  kind = { { 221, "-- INSERT --recording @q", 11 } }
}
{
  event = "msg_showmode",
  kind = { { 221, "-- INSERT --recording @q", 11 } }
}
{
  event = "msg_showmode",
  kind = { { 221, "-- INSERT --recording @q", 11 } }
}
{
  event = "msg_showmode",
  kind = { { 221, "-- INSERT --recording @q", 11 } }
}
{
  event = "msg_showmode",
  kind = { { 221, "-- INSERT --recording @q", 11 } }
}
{
  event = "msg_showmode",
  kind = { { 221, "-- INSERT --recording @q", 11 } }
}
{
  event = "msg_showmode",
  kind = { { 221, "recording @q", 11 } }
}
{
  event = "msg_showmode",
  kind = { { 221, "-- INSERT --recording @q", 11 } }
}
{
  event = "msg_showmode",
  kind = { { 221, "recording @q", 11 } }
}
{
  event = "msg_showmode",
  kind = { { 221, "recording @q", 11 } }
}
{
  event = "msg_showmode",
  kind = { { 221, "-- INSERT --recording @q", 11 } }
}
{
  event = "msg_showmode",
  kind = { { 221, "recording @q", 11 } }
}
{
  event = "msg_showmode",
  kind = { { 221, "recording @q", 11 } }
}
{
  event = "msg_showmode",
  kind = { { 221, "-- INSERT --recording @q", 11 } }
}
{
  event = "msg_showmode",
  kind = { { 221, "recording @q", 11 } }
}
{
  event = "msg_showmode",
  kind = { { 221, "recording @q", 11 } }
}
{ 0, ":", "", 0, 1, 0,
  event = "cmdline_show",
  kind = { { 0, "" } }
}
{
  event = "msg_showmode",
  kind = { { 221, "recording @q", 11 } }
}
{
  event = "msg_showmode",
  kind = { { 221, "recording @q", 11 } }
}
{
  event = "msg_showmode",
  kind = { { 221, "recording @q", 11 } }
}
{
  event = "msg_showmode",
  kind = { { 221, "recording @q", 11 } }
}
{ 1, ":", "", 0, 1, 0,
  event = "cmdline_show",
  kind = { { 0, "w" } }
}
{
  event = "msg_showmode",
  kind = { { 221, "recording @q", 11 } }
}
{ false,
  event = "cmdline_hide",
  kind = 1
}
{ { { 0, '"user-config/neovim/baseline.vim" ', 0 } }, false, false,
  event = "msg_show",
  kind = "bufwrite"
}
{ { { 0, '"user-config/neovim/baseline.vim" 96L, 2472B written', 0 } }, true, true,
  event = "msg_show",
  kind = "bufwrite"
}
{
  event = "msg_clear"
}
{ 0, ":", "", 0, 1, 0,
  event = "cmdline_show",
  kind = { { 0, "" } }
}
{
  event = "msg_showmode",
  kind = { { 221, "recording @q", 11 } }
}
{
  event = "msg_showmode",
  kind = { { 221, "recording @q", 11 } }
}
{
  event = "msg_showmode",
  kind = { { 221, "recording @q", 11 } }
}
{
  event = "msg_showmode",
  kind = { { 221, "recording @q", 11 } }
}
{ 1, ":", "", 0, 1, 0,
  event = "cmdline_show",
  kind = { { 0, "w" } }
}
{
  event = "msg_showmode",
  kind = { { 221, "recording @q", 11 } }
}
{ false,
  event = "cmdline_hide",
  kind = 1
}
{ { { 0, '"user-config/neovim/baseline.vim" ', 0 } }, false, false,
  event = "msg_show",
  kind = "bufwrite"
}
{ { { 0, '"user-config/neovim/baseline.vim" 96L, 2472B written', 0 } }, true, true,
  event = "msg_show",
  kind = "bufwrite"
}
{
  event = "msg_clear"
}
{ 0, ":", "", 0, 1, 0,
  event = "cmdline_show",
  kind = { { 0, "" } }
}
{
  event = "msg_showmode",
  kind = { { 221, "recording @q", 11 } }
}
{
  event = "msg_showmode",
  kind = { { 221, "recording @q", 11 } }
}
{
  event = "msg_showmode",
  kind = { { 221, "recording @q", 11 } }
}
{
  event = "msg_showmode",
  kind = { { 221, "recording @q", 11 } }
}
{ 1, ":", "", 0, 1, 0,
  event = "cmdline_show",
  kind = { { 0, "q" } }
}
{
  event = "msg_showmode",
  kind = { { 221, "recording @q", 11 } }
}
{ false,
  event = "cmdline_hide",
  kind = 1
}
